12-Apr-2020-20:12:32.280,server,cpuUtilization,13.914260860109826
12-Apr-2020-20:12:32.281,server,cpuUtilizationServer,13.914260860109826
12-Apr-2020-20:12:33.280,server,cpuUtilization,0.11678345011678344
12-Apr-2020-20:12:33.280,server,cpuUtilizationServer,0.11678345011678344
12-Apr-2020-20:12:34.281,server,cpuUtilization,0.08325008325008325
12-Apr-2020-20:12:34.281,server,cpuUtilizationServer,0.08325008325008325
12-Apr-2020-20:12:35.281,server,cpuUtilization,0.04166666666666667
12-Apr-2020-20:12:35.281,server,cpuUtilizationServer,0.04166666666666667
12-Apr-2020-20:12:36.280,server,cpuUtilization,0.033366700033366704
12-Apr-2020-20:12:36.280,server,cpuUtilizationServer,0.033366700033366704
12-Apr-2020-20:12:37.278,server,cpuUtilization,0.041750167000668
12-Apr-2020-20:12:37.278,server,cpuUtilizationServer,0.041750167000668
12-Apr-2020-20:12:38.279,server,cpuUtilization,0.0333000333000333
12-Apr-2020-20:12:38.279,server,cpuUtilizationServer,0.0333000333000333
12-Apr-2020-20:12:39.280,server,cpuUtilization,0.0333000333000333
12-Apr-2020-20:12:39.280,server,cpuUtilizationServer,0.0333000333000333
12-Apr-2020-20:12:40.278,server,cpuUtilization,0.0334001336005344
12-Apr-2020-20:12:40.279,server,cpuUtilizationServer,0.0334001336005344
12-Apr-2020-20:12:41.281,server,cpuUtilization,0.04985044865403789
12-Apr-2020-20:12:41.281,server,cpuUtilizationServer,0.04985044865403789
12-Apr-2020-20:12:42.281,server,cpuUtilization,4.874999999999999
12-Apr-2020-20:12:42.282,server,cpuUtilizationServer,4.874999999999999
12-Apr-2020-20:12:43.277,server,cpuUtilization,0.03346720214190094
12-Apr-2020-20:12:43.277,server,cpuUtilizationServer,0.03346720214190094
12-Apr-2020-20:12:44.281,server,cpuUtilization,0.0249003984063745
12-Apr-2020-20:12:44.281,server,cpuUtilizationServer,0.0249003984063745
12-Apr-2020-20:12:45.280,server,cpuUtilization,1.6266266266266265
12-Apr-2020-20:12:45.280,server,cpuUtilizationServer,1.6266266266266265
12-Apr-2020-20:12:46.278,server,cpuUtilization,0.6095524382097529
12-Apr-2020-20:12:46.278,server,cpuUtilizationServer,0.6095524382097529
12-Apr-2020-20:12:47.277,server,cpuUtilization,0.033366700033366704
12-Apr-2020-20:12:47.277,server,cpuUtilizationServer,0.033366700033366704
12-Apr-2020-20:12:48.281,server,cpuUtilization,2.282536520584329
12-Apr-2020-20:12:48.281,server,cpuUtilizationServer,2.282536520584329
12-Apr-2020-20:12:49.281,server,cpuUtilization,0.03333333333333333
12-Apr-2020-20:12:49.281,server,cpuUtilizationServer,0.03333333333333333
12-Apr-2020-20:12:50.282,server,cpuUtilization,0.0333000333000333
12-Apr-2020-20:12:50.282,server,cpuUtilizationServer,0.0333000333000333
12-Apr-2020-20:12:51.277,server,cpuUtilization,0.03350083752093803
12-Apr-2020-20:12:51.278,server,cpuUtilizationServer,0.03350083752093803
12-Apr-2020-20:12:52.279,server,cpuUtilization,0.041583499667332
12-Apr-2020-20:12:52.279,server,cpuUtilizationServer,0.041583499667332
12-Apr-2020-20:12:53.279,server,cpuUtilization,0.15833333333333333
12-Apr-2020-20:12:53.279,server,cpuUtilizationServer,0.15833333333333333
12-Apr-2020-20:12:54.278,server,cpuUtilization,0.033366700033366704
12-Apr-2020-20:12:54.278,server,cpuUtilizationServer,0.033366700033366704
12-Apr-2020-20:12:55.281,server,cpuUtilization,0.04154204054503157
12-Apr-2020-20:12:55.281,server,cpuUtilizationServer,0.04154204054503157
12-Apr-2020-20:12:56.279,server,cpuUtilization,0.041750167000668
12-Apr-2020-20:12:56.279,server,cpuUtilizationServer,0.041750167000668
12-Apr-2020-20:12:57.277,server,cpuUtilization,0.041750167000668
12-Apr-2020-20:12:57.277,server,cpuUtilizationServer,0.041750167000668
12-Apr-2020-20:12:58.281,server,cpuUtilization,3.842961487383798
12-Apr-2020-20:12:58.281,server,cpuUtilizationServer,3.842961487383798
12-Apr-2020-20:12:59.277,server,cpuUtilization,0.05020080321285141
12-Apr-2020-20:12:59.277,server,cpuUtilizationServer,0.05020080321285141
12-Apr-2020-20:13:00.281,server,cpuUtilization,0.033200531208499334
12-Apr-2020-20:13:00.282,server,cpuUtilizationServer,0.033200531208499334
12-Apr-2020-20:13:01.277,server,cpuUtilization,0.06693440428380187
12-Apr-2020-20:13:01.277,server,cpuUtilizationServer,0.06693440428380187
12-Apr-2020-20:13:02.279,server,cpuUtilization,0.0332667997338656
12-Apr-2020-20:13:02.280,server,cpuUtilizationServer,0.0332667997338656
12-Apr-2020-20:13:03.280,server,cpuUtilization,0.6993006993006993
12-Apr-2020-20:13:03.281,server,cpuUtilizationServer,0.6993006993006993
12-Apr-2020-20:13:04.279,server,cpuUtilization,0.033366700033366704
12-Apr-2020-20:13:04.279,server,cpuUtilizationServer,0.033366700033366704
12-Apr-2020-20:13:05.281,server,cpuUtilization,1.9544244843646041
12-Apr-2020-20:13:05.281,server,cpuUtilizationServer,1.9544244843646041
12-Apr-2020-20:13:06.279,server,cpuUtilization,0.041750167000668
12-Apr-2020-20:13:06.279,server,cpuUtilizationServer,0.041750167000668
12-Apr-2020-20:13:07.281,server,cpuUtilization,0.041583499667332
12-Apr-2020-20:13:07.281,server,cpuUtilizationServer,0.041583499667332
12-Apr-2020-20:13:08.277,server,cpuUtilization,0.08366800535475234
12-Apr-2020-20:13:08.278,server,cpuUtilizationServer,0.08366800535475234
12-Apr-2020-20:13:09.276,server,cpuUtilization,0.050050050050050046
12-Apr-2020-20:13:09.276,server,cpuUtilizationServer,0.050050050050050046
12-Apr-2020-20:13:10.281,server,cpuUtilization,0.1077943615257048
12-Apr-2020-20:13:10.281,server,cpuUtilizationServer,0.1077943615257048
12-Apr-2020-20:13:11.280,server,cpuUtilization,0.033366700033366704
12-Apr-2020-20:13:11.280,server,cpuUtilizationServer,0.033366700033366704
12-Apr-2020-20:13:12.281,server,cpuUtilization,0.041625041625041624
12-Apr-2020-20:13:12.281,server,cpuUtilizationServer,0.041625041625041624
12-Apr-2020-20:13:13.281,server,cpuUtilization,0.03333333333333333
12-Apr-2020-20:13:13.281,server,cpuUtilizationServer,0.03333333333333333
12-Apr-2020-20:13:14.281,server,cpuUtilization,0.05833333333333334
12-Apr-2020-20:13:14.281,server,cpuUtilizationServer,0.05833333333333334
12-Apr-2020-20:13:15.281,server,cpuUtilization,0.675
12-Apr-2020-20:13:15.281,server,cpuUtilizationServer,0.675
12-Apr-2020-20:13:16.279,server,cpuUtilization,0.0334001336005344
12-Apr-2020-20:13:16.279,server,cpuUtilizationServer,0.0334001336005344
12-Apr-2020-20:13:17.281,server,cpuUtilization,0.04990019960079841
12-Apr-2020-20:13:17.281,server,cpuUtilizationServer,0.04990019960079841
12-Apr-2020-20:13:18.279,server,cpuUtilization,0.041750167000668
12-Apr-2020-20:13:18.280,server,cpuUtilizationServer,0.041750167000668
12-Apr-2020-20:13:19.279,server,cpuUtilization,0.03333333333333333
12-Apr-2020-20:13:19.279,server,cpuUtilizationServer,0.03333333333333333
12-Apr-2020-20:13:20.281,server,cpuUtilization,2.8942115768463075
12-Apr-2020-20:13:20.281,server,cpuUtilizationServer,2.8942115768463075
12-Apr-2020-20:13:21.280,server,cpuUtilization,0.033366700033366704
12-Apr-2020-20:13:21.280,server,cpuUtilizationServer,0.033366700033366704
12-Apr-2020-20:13:22.280,server,cpuUtilization,0.04166666666666667
12-Apr-2020-20:13:22.280,server,cpuUtilizationServer,0.04166666666666667
12-Apr-2020-20:13:23.281,server,cpuUtilization,0.041625041625041624
12-Apr-2020-20:13:23.282,server,cpuUtilizationServer,0.041625041625041624
12-Apr-2020-20:13:24.280,server,cpuUtilization,0.033366700033366704
12-Apr-2020-20:13:24.280,server,cpuUtilizationServer,0.033366700033366704
12-Apr-2020-20:13:25.281,server,cpuUtilization,0.14152514152514153
12-Apr-2020-20:13:25.281,server,cpuUtilizationServer,0.14152514152514153
12-Apr-2020-20:13:26.280,server,cpuUtilization,0.033366700033366704
12-Apr-2020-20:13:26.280,server,cpuUtilizationServer,0.033366700033366704
12-Apr-2020-20:13:27.281,server,cpuUtilization,0.0333000333000333
12-Apr-2020-20:13:27.281,server,cpuUtilizationServer,0.0333000333000333
12-Apr-2020-20:13:28.280,server,cpuUtilization,0.31698365031698367
12-Apr-2020-20:13:28.280,server,cpuUtilizationServer,0.31698365031698367
12-Apr-2020-20:13:29.281,server,cpuUtilization,0.4662004662004662
12-Apr-2020-20:13:29.281,server,cpuUtilizationServer,0.4662004662004662
12-Apr-2020-20:13:30.280,server,cpuUtilization,0.37537537537537535
12-Apr-2020-20:13:30.280,server,cpuUtilizationServer,0.37537537537537535
12-Apr-2020-20:13:31.278,server,cpuUtilization,0.041750167000668
12-Apr-2020-20:13:31.278,server,cpuUtilizationServer,0.041750167000668
12-Apr-2020-20:13:32.279,server,cpuUtilization,0.0333000333000333
12-Apr-2020-20:13:32.279,server,cpuUtilizationServer,0.0333000333000333
12-Apr-2020-20:13:33.281,server,cpuUtilization,0.0332667997338656
12-Apr-2020-20:13:33.281,server,cpuUtilizationServer,0.0332667997338656
12-Apr-2020-20:13:34.281,server,cpuUtilization,0.4166666666666667
12-Apr-2020-20:13:34.281,server,cpuUtilizationServer,0.4166666666666667
12-Apr-2020-20:13:35.281,server,cpuUtilization,0.5
12-Apr-2020-20:13:35.281,server,cpuUtilizationServer,0.5
12-Apr-2020-20:13:36.278,server,cpuUtilization,0.033433634236041454
12-Apr-2020-20:13:36.279,server,cpuUtilizationServer,0.033433634236041454
12-Apr-2020-20:13:37.281,server,cpuUtilization,0.124750499001996
12-Apr-2020-20:13:37.281,server,cpuUtilizationServer,0.124750499001996
12-Apr-2020-20:13:38.280,server,cpuUtilization,0.03333333333333333
12-Apr-2020-20:13:38.281,server,cpuUtilizationServer,0.03333333333333333
12-Apr-2020-20:13:39.279,server,cpuUtilization,0.033366700033366704
12-Apr-2020-20:13:39.279,server,cpuUtilizationServer,0.033366700033366704
12-Apr-2020-20:13:40.276,server,cpuUtilization,0.18388498829822802
12-Apr-2020-20:13:40.276,server,cpuUtilizationServer,0.18388498829822802
12-Apr-2020-20:13:41.281,server,cpuUtilization,0.02487562189054726
12-Apr-2020-20:13:41.281,server,cpuUtilizationServer,0.02487562189054726
12-Apr-2020-20:13:42.281,server,cpuUtilization,0.075
12-Apr-2020-20:13:42.281,server,cpuUtilizationServer,0.075
12-Apr-2020-20:13:43.280,server,cpuUtilization,0.025025025025025023
12-Apr-2020-20:13:43.281,server,cpuUtilizationServer,0.025025025025025023
12-Apr-2020-20:13:44.281,server,cpuUtilization,0.03333333333333333
12-Apr-2020-20:13:44.281,server,cpuUtilizationServer,0.03333333333333333
12-Apr-2020-20:13:45.279,server,cpuUtilization,0.10010010010010009
12-Apr-2020-20:13:45.280,server,cpuUtilizationServer,0.10010010010010009
12-Apr-2020-20:13:46.280,server,cpuUtilization,0.024975024975024976
12-Apr-2020-20:13:46.280,server,cpuUtilizationServer,0.024975024975024976
12-Apr-2020-20:13:47.280,server,cpuUtilization,0.025
12-Apr-2020-20:13:47.280,server,cpuUtilizationServer,0.025
12-Apr-2020-20:13:48.280,server,cpuUtilization,0.025
12-Apr-2020-20:13:48.280,server,cpuUtilizationServer,0.025
12-Apr-2020-20:13:49.281,server,cpuUtilization,0.0333000333000333
12-Apr-2020-20:13:49.282,server,cpuUtilizationServer,0.0333000333000333
12-Apr-2020-20:13:50.281,server,cpuUtilization,0.15833333333333333
12-Apr-2020-20:13:50.281,server,cpuUtilizationServer,0.15833333333333333
12-Apr-2020-20:13:51.281,server,cpuUtilization,0.03333333333333333
12-Apr-2020-20:13:51.282,server,cpuUtilizationServer,0.03333333333333333
12-Apr-2020-20:13:52.279,server,cpuUtilization,0.0334001336005344
12-Apr-2020-20:13:52.279,server,cpuUtilizationServer,0.0334001336005344
12-Apr-2020-20:13:53.280,server,cpuUtilization,0.0333000333000333
12-Apr-2020-20:13:53.280,server,cpuUtilizationServer,0.0333000333000333
12-Apr-2020-20:13:54.279,server,cpuUtilization,0.025025025025025023
12-Apr-2020-20:13:54.279,server,cpuUtilizationServer,0.025025025025025023
12-Apr-2020-20:13:55.277,server,cpuUtilization,0.0668002672010688
12-Apr-2020-20:13:55.277,server,cpuUtilizationServer,0.0668002672010688
12-Apr-2020-20:13:56.280,server,cpuUtilization,0.03323363243602526
12-Apr-2020-20:13:56.281,server,cpuUtilizationServer,0.03323363243602526
12-Apr-2020-20:13:57.281,server,cpuUtilization,0.025
12-Apr-2020-20:13:57.281,server,cpuUtilizationServer,0.025
12-Apr-2020-20:13:58.281,server,cpuUtilization,0.15817515817515818
12-Apr-2020-20:13:58.281,server,cpuUtilizationServer,0.15817515817515818
12-Apr-2020-20:13:59.281,server,cpuUtilization,0.03333333333333333
12-Apr-2020-20:13:59.282,server,cpuUtilizationServer,0.03333333333333333
12-Apr-2020-20:14:00.280,server,cpuUtilization,0.1418084751418085
12-Apr-2020-20:14:00.280,server,cpuUtilizationServer,0.1418084751418085
12-Apr-2020-20:14:01.277,server,cpuUtilization,0.05850885991307255
12-Apr-2020-20:14:01.277,server,cpuUtilizationServer,0.05850885991307255
12-Apr-2020-20:14:02.281,server,cpuUtilization,0.033200531208499334
12-Apr-2020-20:14:02.281,server,cpuUtilizationServer,0.033200531208499334
12-Apr-2020-20:14:03.280,server,cpuUtilization,0.025025025025025023
12-Apr-2020-20:14:03.280,server,cpuUtilizationServer,0.025025025025025023
12-Apr-2020-20:14:04.281,server,cpuUtilization,0.024975024975024976
12-Apr-2020-20:14:04.281,server,cpuUtilizationServer,0.024975024975024976
12-Apr-2020-20:14:05.280,server,cpuUtilization,0.18351685018351685
12-Apr-2020-20:14:05.280,server,cpuUtilizationServer,0.18351685018351685
12-Apr-2020-20:14:06.281,server,cpuUtilization,0.024975024975024976
12-Apr-2020-20:14:06.281,server,cpuUtilizationServer,0.024975024975024976
12-Apr-2020-20:14:07.281,server,cpuUtilization,0.03333333333333333
12-Apr-2020-20:14:07.281,server,cpuUtilizationServer,0.03333333333333333
12-Apr-2020-20:14:08.277,server,cpuUtilization,0.025100401606425706
12-Apr-2020-20:14:08.277,server,cpuUtilizationServer,0.025100401606425706
12-Apr-2020-20:14:09.281,server,cpuUtilization,2.6560424966799467
12-Apr-2020-20:14:09.281,server,cpuUtilizationServer,2.6560424966799467
12-Apr-2020-20:14:10.280,server,cpuUtilization,0.1418084751418085
12-Apr-2020-20:14:10.281,server,cpuUtilizationServer,0.1418084751418085
12-Apr-2020-20:14:11.281,server,cpuUtilization,0.17500000000000002
12-Apr-2020-20:14:11.281,server,cpuUtilizationServer,0.17500000000000002
12-Apr-2020-20:14:12.280,server,cpuUtilization,0.2916666666666667
12-Apr-2020-20:14:12.280,server,cpuUtilizationServer,0.2916666666666667
12-Apr-2020-20:14:13.282,server,cpuUtilization,0.024975024975024976
12-Apr-2020-20:14:13.282,server,cpuUtilizationServer,0.024975024975024976
12-Apr-2020-20:14:14.280,server,cpuUtilization,4.3043043043043046
12-Apr-2020-20:14:14.280,server,cpuUtilizationServer,4.3043043043043046
12-Apr-2020-20:14:14.357,kolmafiaold_admin_59a45b04de7e_1586736854222,webSocketConnected,1
12-Apr-2020-20:14:14.357,kolmafiaold_admin_59a45b04de7e_1586736854222,inboundSize,179
12-Apr-2020-20:14:14.946,kolmafiaold_admin_59a45b04de7e_1586736854222,inboundSize,179
12-Apr-2020-20:14:15.252,kolmafiaold_admin_59a45b04de7e_1586736854222,inboundSize,179
12-Apr-2020-20:14:15.277,server,cpuUtilization,6.778669341357406
12-Apr-2020-20:14:15.277,server,cpuUtilizationServer,6.778669341357406
12-Apr-2020-20:14:15.744,kolmafiaold_admin_59a45b04de7e_1586736854222,inboundSize,179
12-Apr-2020-20:14:15.787,kolmafiaold_admin_59a45b04de7e_1586736854222,outboundSize,70
12-Apr-2020-20:14:15.833,kolmafiaold_admin_59a45b04de7e_1586736854222,inboundSize,6
12-Apr-2020-20:14:15.838,kolmafiaold_admin_59a45b04de7e_1586736854222,latencyServerRendering,1
12-Apr-2020-20:14:15.838,kolmafiaold_admin_59a45b04de7e_1586736854222,latencyClientRendering,27
12-Apr-2020-20:14:15.838,kolmafiaold_admin_59a45b04de7e_1586736854222,latency,81
12-Apr-2020-20:14:15.838,kolmafiaold_admin_59a45b04de7e_1586736854222,latencyNetworkTransfer,53
12-Apr-2020-20:14:15.843,kolmafiaold_admin_59a45b04de7e_1586736854222,inboundSize,38
12-Apr-2020-20:14:16.244,kolmafiaold_admin_59a45b04de7e_1586736854222,inboundSize,211
12-Apr-2020-20:14:16.276,kolmafiaold_admin_59a45b04de7e_1586736854222,memoryAllocated,4096.0
12-Apr-2020-20:14:16.276,kolmafiaold_admin_59a45b04de7e_1586736854222,memoryUsed,29.0
12-Apr-2020-20:14:16.276,kolmafiaold_admin_59a45b04de7e_1586736854222,cpuUtilization,16.540994973132257
12-Apr-2020-20:14:16.276,kolmafiaold_admin_59a45b04de7e_1586736854222,cpuUtilizationSession,16.540994973132257
12-Apr-2020-20:14:16.276,kolmafiaold_admin_59a45b04de7e_1586736854222,edtThreadBlockedForSeconds,0
12-Apr-2020-20:14:16.278,kolmafiaold_admin_59a45b04de7e_1586736854222,outboundSize,70
12-Apr-2020-20:14:16.281,server,cpuUtilization,1.2284196547144755
12-Apr-2020-20:14:16.281,server,cpuUtilizationServer,1.2284196547144755
12-Apr-2020-20:14:16.283,kolmafiaold_admin_59a45b04de7e_1586736854222,inboundSize,6
12-Apr-2020-20:14:16.286,kolmafiaold_admin_59a45b04de7e_1586736854222,latencyServerRendering,1
12-Apr-2020-20:14:16.287,kolmafiaold_admin_59a45b04de7e_1586736854222,latencyClientRendering,0
12-Apr-2020-20:14:16.287,kolmafiaold_admin_59a45b04de7e_1586736854222,latency,13
12-Apr-2020-20:14:16.287,kolmafiaold_admin_59a45b04de7e_1586736854222,latencyNetworkTransfer,12
12-Apr-2020-20:14:16.288,kolmafiaold_admin_59a45b04de7e_1586736854222,inboundSize,37
12-Apr-2020-20:14:16.739,kolmafiaold_admin_59a45b04de7e_1586736854222,inboundSize,179
12-Apr-2020-20:14:16.799,kolmafiaold_admin_59a45b04de7e_1586736854222,inboundSize,32
12-Apr-2020-20:14:17.242,kolmafiaold_admin_59a45b04de7e_1586736854222,inboundSize,179
12-Apr-2020-20:14:17.280,kolmafiaold_admin_59a45b04de7e_1586736854222,memoryAllocated,4096.0
12-Apr-2020-20:14:17.280,kolmafiaold_admin_59a45b04de7e_1586736854222,memoryUsed,63.0
12-Apr-2020-20:14:17.280,kolmafiaold_admin_59a45b04de7e_1586736854222,cpuUtilization,15.243296921549158
12-Apr-2020-20:14:17.280,kolmafiaold_admin_59a45b04de7e_1586736854222,cpuUtilizationSession,15.243296921549158
12-Apr-2020-20:14:17.280,kolmafiaold_admin_59a45b04de7e_1586736854222,edtThreadBlockedForSeconds,0
12-Apr-2020-20:14:17.281,server,cpuUtilization,0.7666666666666666
12-Apr-2020-20:14:17.281,server,cpuUtilizationServer,0.7666666666666666
12-Apr-2020-20:14:17.739,kolmafiaold_admin_59a45b04de7e_1586736854222,inboundSize,179
12-Apr-2020-20:14:17.787,kolmafiaold_admin_59a45b04de7e_1586736854222,outboundSize,101482
12-Apr-2020-20:14:17.842,kolmafiaold_admin_59a45b04de7e_1586736854222,inboundSize,6
12-Apr-2020-20:14:17.846,kolmafiaold_admin_59a45b04de7e_1586736854222,latencyServerRendering,110
12-Apr-2020-20:14:17.846,kolmafiaold_admin_59a45b04de7e_1586736854222,latencyClientRendering,44
12-Apr-2020-20:14:17.846,kolmafiaold_admin_59a45b04de7e_1586736854222,latency,176
12-Apr-2020-20:14:17.846,kolmafiaold_admin_59a45b04de7e_1586736854222,latencyNetworkTransfer,22
12-Apr-2020-20:14:17.847,kolmafiaold_admin_59a45b04de7e_1586736854222,inboundSize,38
12-Apr-2020-20:14:17.849,kolmafiaold_admin_59a45b04de7e_1586736854222,outboundSize,7300
12-Apr-2020-20:14:17.883,kolmafiaold_admin_59a45b04de7e_1586736854222,outboundSize,534
12-Apr-2020-20:14:17.949,kolmafiaold_admin_59a45b04de7e_1586736854222,inboundSize,6
12-Apr-2020-20:14:17.950,kolmafiaold_admin_59a45b04de7e_1586736854222,latencyServerRendering,24
12-Apr-2020-20:14:17.951,kolmafiaold_admin_59a45b04de7e_1586736854222,latencyClientRendering,25
12-Apr-2020-20:14:17.951,kolmafiaold_admin_59a45b04de7e_1586736854222,latency,132
12-Apr-2020-20:14:17.951,kolmafiaold_admin_59a45b04de7e_1586736854222,latencyNetworkTransfer,83
12-Apr-2020-20:14:17.951,kolmafiaold_admin_59a45b04de7e_1586736854222,inboundSize,38
12-Apr-2020-20:14:17.953,kolmafiaold_admin_59a45b04de7e_1586736854222,inboundSize,6
12-Apr-2020-20:14:17.955,kolmafiaold_admin_59a45b04de7e_1586736854222,latencyServerRendering,1
12-Apr-2020-20:14:17.955,kolmafiaold_admin_59a45b04de7e_1586736854222,latencyClientRendering,15
12-Apr-2020-20:14:17.955,kolmafiaold_admin_59a45b04de7e_1586736854222,latency,76
12-Apr-2020-20:14:17.955,kolmafiaold_admin_59a45b04de7e_1586736854222,latencyNetworkTransfer,60
12-Apr-2020-20:14:17.956,kolmafiaold_admin_59a45b04de7e_1586736854222,inboundSize,38
12-Apr-2020-20:14:18.261,kolmafiaold_admin_59a45b04de7e_1586736854222,inboundSize,179
12-Apr-2020-20:14:18.278,kolmafiaold_admin_59a45b04de7e_1586736854222,outboundSize,216
12-Apr-2020-20:14:18.280,server,cpuUtilization,1.0844177510844177
12-Apr-2020-20:14:18.280,server,cpuUtilizationServer,1.0844177510844177
12-Apr-2020-20:14:18.282,kolmafiaold_admin_59a45b04de7e_1586736854222,memoryAllocated,4096.0
12-Apr-2020-20:14:18.282,kolmafiaold_admin_59a45b04de7e_1586736854222,memoryUsed,64.0
12-Apr-2020-20:14:18.282,kolmafiaold_admin_59a45b04de7e_1586736854222,cpuUtilization,10.994677312042581
12-Apr-2020-20:14:18.282,kolmafiaold_admin_59a45b04de7e_1586736854222,cpuUtilizationSession,10.994677312042581
12-Apr-2020-20:14:18.282,kolmafiaold_admin_59a45b04de7e_1586736854222,edtThreadBlockedForSeconds,0
12-Apr-2020-20:14:18.291,kolmafiaold_admin_59a45b04de7e_1586736854222,inboundSize,6
12-Apr-2020-20:14:18.293,kolmafiaold_admin_59a45b04de7e_1586736854222,latencyServerRendering,0
12-Apr-2020-20:14:18.293,kolmafiaold_admin_59a45b04de7e_1586736854222,latencyClientRendering,10
12-Apr-2020-20:14:18.293,kolmafiaold_admin_59a45b04de7e_1586736854222,latency,19
12-Apr-2020-20:14:18.293,kolmafiaold_admin_59a45b04de7e_1586736854222,latencyNetworkTransfer,9
12-Apr-2020-20:14:18.294,kolmafiaold_admin_59a45b04de7e_1586736854222,inboundSize,38
12-Apr-2020-20:14:18.350,kolmafiaold_admin_59a45b04de7e_1586736854222,outboundSize,439
12-Apr-2020-20:14:18.355,kolmafiaold_admin_59a45b04de7e_1586736854222,inboundSize,6
12-Apr-2020-20:14:18.356,kolmafiaold_admin_59a45b04de7e_1586736854222,latencyServerRendering,1
12-Apr-2020-20:14:18.357,kolmafiaold_admin_59a45b04de7e_1586736854222,latencyClientRendering,2
12-Apr-2020-20:14:18.357,kolmafiaold_admin_59a45b04de7e_1586736854222,latency,10
12-Apr-2020-20:14:18.357,kolmafiaold_admin_59a45b04de7e_1586736854222,latencyNetworkTransfer,7
12-Apr-2020-20:14:18.357,kolmafiaold_admin_59a45b04de7e_1586736854222,inboundSize,37
12-Apr-2020-20:14:18.598,kolmafiaold_admin_59a45b04de7e_1586736854222,inboundSize,32
12-Apr-2020-20:14:18.759,kolmafiaold_admin_59a45b04de7e_1586736854222,inboundSize,211
12-Apr-2020-20:14:18.775,kolmafiaold_admin_59a45b04de7e_1586736854222,outboundSize,216
12-Apr-2020-20:14:18.789,kolmafiaold_admin_59a45b04de7e_1586736854222,inboundSize,38
12-Apr-2020-20:14:18.792,kolmafiaold_admin_59a45b04de7e_1586736854222,latencyServerRendering,0
12-Apr-2020-20:14:18.792,kolmafiaold_admin_59a45b04de7e_1586736854222,latencyClientRendering,11
12-Apr-2020-20:14:18.792,kolmafiaold_admin_59a45b04de7e_1586736854222,latency,20
12-Apr-2020-20:14:18.792,kolmafiaold_admin_59a45b04de7e_1586736854222,latencyNetworkTransfer,9
12-Apr-2020-20:14:18.792,kolmafiaold_admin_59a45b04de7e_1586736854222,inboundSize,38
12-Apr-2020-20:14:18.839,kolmafiaold_admin_59a45b04de7e_1586736854222,inboundSize,32
12-Apr-2020-20:14:18.844,kolmafiaold_admin_59a45b04de7e_1586736854222,outboundSize,34
12-Apr-2020-20:14:18.845,kolmafiaold_admin_59a45b04de7e_1586736854222,outboundSize,323
12-Apr-2020-20:14:18.851,kolmafiaold_admin_59a45b04de7e_1586736854222,inboundSize,38
12-Apr-2020-20:14:18.853,kolmafiaold_admin_59a45b04de7e_1586736854222,latencyServerRendering,0
12-Apr-2020-20:14:18.853,kolmafiaold_admin_59a45b04de7e_1586736854222,latencyClientRendering,2
12-Apr-2020-20:14:18.853,kolmafiaold_admin_59a45b04de7e_1586736854222,latency,10
12-Apr-2020-20:14:18.853,kolmafiaold_admin_59a45b04de7e_1586736854222,latencyNetworkTransfer,8
12-Apr-2020-20:14:18.853,kolmafiaold_admin_59a45b04de7e_1586736854222,inboundSize,37
12-Apr-2020-20:14:18.899,kolmafiaold_admin_59a45b04de7e_1586736854222,inboundSize,32
12-Apr-2020-20:14:18.901,kolmafiaold_admin_59a45b04de7e_1586736854222,outboundSize,37
12-Apr-2020-20:14:19.001,kolmafiaold_admin_59a45b04de7e_1586736854222,inboundSize,32
12-Apr-2020-20:14:19.003,kolmafiaold_admin_59a45b04de7e_1586736854222,outboundSize,34
12-Apr-2020-20:14:19.052,kolmafiaold_admin_59a45b04de7e_1586736854222,latencyPing,6
12-Apr-2020-20:14:19.053,kolmafiaold_admin_59a45b04de7e_1586736854222,inboundSize,38
12-Apr-2020-20:14:19.099,kolmafiaold_admin_59a45b04de7e_1586736854222,inboundSize,32
12-Apr-2020-20:14:19.101,kolmafiaold_admin_59a45b04de7e_1586736854222,outboundSize,37
12-Apr-2020-20:14:19.256,kolmafiaold_admin_59a45b04de7e_1586736854222,inboundSize,211
12-Apr-2020-20:14:19.259,kolmafiaold_admin_59a45b04de7e_1586736854222,outboundSize,34
12-Apr-2020-20:14:19.280,server,cpuUtilization,1.6333333333333335
12-Apr-2020-20:14:19.280,server,cpuUtilizationServer,1.6333333333333335
12-Apr-2020-20:14:19.283,kolmafiaold_admin_59a45b04de7e_1586736854222,outboundSize,216
12-Apr-2020-20:14:19.283,kolmafiaold_admin_59a45b04de7e_1586736854222,memoryAllocated,4096.0
12-Apr-2020-20:14:19.283,kolmafiaold_admin_59a45b04de7e_1586736854222,memoryUsed,72.0
12-Apr-2020-20:14:19.284,kolmafiaold_admin_59a45b04de7e_1586736854222,cpuUtilization,1.2237762237762237
12-Apr-2020-20:14:19.284,kolmafiaold_admin_59a45b04de7e_1586736854222,cpuUtilizationSession,1.2237762237762237
12-Apr-2020-20:14:19.284,kolmafiaold_admin_59a45b04de7e_1586736854222,edtThreadBlockedForSeconds,0
12-Apr-2020-20:14:19.296,kolmafiaold_admin_59a45b04de7e_1586736854222,inboundSize,38
12-Apr-2020-20:14:19.298,kolmafiaold_admin_59a45b04de7e_1586736854222,latencyServerRendering,1
12-Apr-2020-20:14:19.298,kolmafiaold_admin_59a45b04de7e_1586736854222,latencyClientRendering,9
12-Apr-2020-20:14:19.298,kolmafiaold_admin_59a45b04de7e_1586736854222,latency,19
12-Apr-2020-20:14:19.298,kolmafiaold_admin_59a45b04de7e_1586736854222,latencyNetworkTransfer,9
12-Apr-2020-20:14:19.299,kolmafiaold_admin_59a45b04de7e_1586736854222,inboundSize,37
12-Apr-2020-20:14:19.337,kolmafiaold_admin_59a45b04de7e_1586736854222,inboundSize,32
12-Apr-2020-20:14:19.359,kolmafiaold_admin_59a45b04de7e_1586736854222,outboundSize,312
12-Apr-2020-20:14:19.363,kolmafiaold_admin_59a45b04de7e_1586736854222,inboundSize,38
12-Apr-2020-20:14:19.365,kolmafiaold_admin_59a45b04de7e_1586736854222,latencyServerRendering,0
12-Apr-2020-20:14:19.365,kolmafiaold_admin_59a45b04de7e_1586736854222,latencyClientRendering,2
12-Apr-2020-20:14:19.365,kolmafiaold_admin_59a45b04de7e_1586736854222,latency,10
12-Apr-2020-20:14:19.365,kolmafiaold_admin_59a45b04de7e_1586736854222,latencyNetworkTransfer,8
12-Apr-2020-20:14:19.366,kolmafiaold_admin_59a45b04de7e_1586736854222,inboundSize,37
12-Apr-2020-20:14:19.402,kolmafiaold_admin_59a45b04de7e_1586736854222,inboundSize,32
12-Apr-2020-20:14:19.497,kolmafiaold_admin_59a45b04de7e_1586736854222,inboundSize,32
12-Apr-2020-20:14:19.601,kolmafiaold_admin_59a45b04de7e_1586736854222,inboundSize,32
12-Apr-2020-20:14:19.758,kolmafiaold_admin_59a45b04de7e_1586736854222,inboundSize,211
12-Apr-2020-20:14:19.794,kolmafiaold_admin_59a45b04de7e_1586736854222,inboundSize,32
12-Apr-2020-20:14:19.795,kolmafiaold_admin_59a45b04de7e_1586736854222,outboundSize,216
12-Apr-2020-20:14:19.810,kolmafiaold_admin_59a45b04de7e_1586736854222,inboundSize,6
12-Apr-2020-20:14:19.812,kolmafiaold_admin_59a45b04de7e_1586736854222,latencyServerRendering,0
12-Apr-2020-20:14:19.813,kolmafiaold_admin_59a45b04de7e_1586736854222,latencyClientRendering,12
12-Apr-2020-20:14:19.813,kolmafiaold_admin_59a45b04de7e_1586736854222,latency,20
12-Apr-2020-20:14:19.813,kolmafiaold_admin_59a45b04de7e_1586736854222,latencyNetworkTransfer,8
12-Apr-2020-20:14:19.813,kolmafiaold_admin_59a45b04de7e_1586736854222,inboundSize,38
12-Apr-2020-20:14:19.871,kolmafiaold_admin_59a45b04de7e_1586736854222,outboundSize,373
12-Apr-2020-20:14:19.875,kolmafiaold_admin_59a45b04de7e_1586736854222,inboundSize,6
12-Apr-2020-20:14:19.876,kolmafiaold_admin_59a45b04de7e_1586736854222,latencyServerRendering,1
12-Apr-2020-20:14:19.876,kolmafiaold_admin_59a45b04de7e_1586736854222,latencyClientRendering,1
12-Apr-2020-20:14:19.876,kolmafiaold_admin_59a45b04de7e_1586736854222,latency,8
12-Apr-2020-20:14:19.876,kolmafiaold_admin_59a45b04de7e_1586736854222,latencyNetworkTransfer,6
12-Apr-2020-20:14:19.877,kolmafiaold_admin_59a45b04de7e_1586736854222,inboundSize,37
12-Apr-2020-20:14:19.966,kolmafiaold_admin_59a45b04de7e_1586736854222,inboundSize,32
12-Apr-2020-20:14:20.259,kolmafiaold_admin_59a45b04de7e_1586736854222,inboundSize,179
12-Apr-2020-20:14:20.269,kolmafiaold_admin_59a45b04de7e_1586736854222,outboundSize,240
12-Apr-2020-20:14:20.280,server,cpuUtilization,1.9416666666666669
12-Apr-2020-20:14:20.280,server,cpuUtilizationServer,1.9416666666666669
12-Apr-2020-20:14:20.283,kolmafiaold_admin_59a45b04de7e_1586736854222,inboundSize,6
12-Apr-2020-20:14:20.284,kolmafiaold_admin_59a45b04de7e_1586736854222,memoryAllocated,4096.0
12-Apr-2020-20:14:20.285,kolmafiaold_admin_59a45b04de7e_1586736854222,memoryUsed,81.0
12-Apr-2020-20:14:20.285,kolmafiaold_admin_59a45b04de7e_1586736854222,cpuUtilization,1.205921490352628
12-Apr-2020-20:14:20.285,kolmafiaold_admin_59a45b04de7e_1586736854222,cpuUtilizationSession,1.205921490352628
12-Apr-2020-20:14:20.285,kolmafiaold_admin_59a45b04de7e_1586736854222,edtThreadBlockedForSeconds,0
12-Apr-2020-20:14:20.285,kolmafiaold_admin_59a45b04de7e_1586736854222,latencyServerRendering,0
12-Apr-2020-20:14:20.285,kolmafiaold_admin_59a45b04de7e_1586736854222,latencyClientRendering,12
12-Apr-2020-20:14:20.285,kolmafiaold_admin_59a45b04de7e_1586736854222,latency,19
12-Apr-2020-20:14:20.285,kolmafiaold_admin_59a45b04de7e_1586736854222,latencyNetworkTransfer,7
12-Apr-2020-20:14:20.286,kolmafiaold_admin_59a45b04de7e_1586736854222,inboundSize,38
12-Apr-2020-20:14:20.340,kolmafiaold_admin_59a45b04de7e_1586736854222,outboundSize,295
12-Apr-2020-20:14:20.347,kolmafiaold_admin_59a45b04de7e_1586736854222,inboundSize,6
12-Apr-2020-20:14:20.350,kolmafiaold_admin_59a45b04de7e_1586736854222,latencyServerRendering,1
12-Apr-2020-20:14:20.350,kolmafiaold_admin_59a45b04de7e_1586736854222,latencyClientRendering,1
12-Apr-2020-20:14:20.350,kolmafiaold_admin_59a45b04de7e_1586736854222,latency,13
12-Apr-2020-20:14:20.350,kolmafiaold_admin_59a45b04de7e_1586736854222,latencyNetworkTransfer,11
12-Apr-2020-20:14:20.351,kolmafiaold_admin_59a45b04de7e_1586736854222,inboundSize,37
12-Apr-2020-20:14:20.499,kolmafiaold_admin_59a45b04de7e_1586736854222,inboundSize,32
12-Apr-2020-20:14:20.598,kolmafiaold_admin_59a45b04de7e_1586736854222,inboundSize,32
12-Apr-2020-20:14:20.600,kolmafiaold_admin_59a45b04de7e_1586736854222,outboundSize,37
12-Apr-2020-20:14:20.757,kolmafiaold_admin_59a45b04de7e_1586736854222,inboundSize,211
12-Apr-2020-20:14:20.779,kolmafiaold_admin_59a45b04de7e_1586736854222,outboundSize,216
12-Apr-2020-20:14:20.793,kolmafiaold_admin_59a45b04de7e_1586736854222,inboundSize,38
12-Apr-2020-20:14:20.795,kolmafiaold_admin_59a45b04de7e_1586736854222,latencyServerRendering,0
12-Apr-2020-20:14:20.795,kolmafiaold_admin_59a45b04de7e_1586736854222,outboundSize,39
12-Apr-2020-20:14:20.795,kolmafiaold_admin_59a45b04de7e_1586736854222,latencyClientRendering,10
12-Apr-2020-20:14:20.795,kolmafiaold_admin_59a45b04de7e_1586736854222,latency,19
12-Apr-2020-20:14:20.795,kolmafiaold_admin_59a45b04de7e_1586736854222,latencyNetworkTransfer,9
12-Apr-2020-20:14:20.796,kolmafiaold_admin_59a45b04de7e_1586736854222,inboundSize,38
12-Apr-2020-20:14:20.846,kolmafiaold_admin_59a45b04de7e_1586736854222,inboundSize,32
12-Apr-2020-20:14:20.849,kolmafiaold_admin_59a45b04de7e_1586736854222,outboundSize,37
12-Apr-2020-20:14:20.854,kolmafiaold_admin_59a45b04de7e_1586736854222,outboundSize,306
12-Apr-2020-20:14:20.859,kolmafiaold_admin_59a45b04de7e_1586736854222,inboundSize,38
12-Apr-2020-20:14:20.861,kolmafiaold_admin_59a45b04de7e_1586736854222,latencyServerRendering,1
12-Apr-2020-20:14:20.861,kolmafiaold_admin_59a45b04de7e_1586736854222,latencyClientRendering,1
12-Apr-2020-20:14:20.861,kolmafiaold_admin_59a45b04de7e_1586736854222,latency,10
12-Apr-2020-20:14:20.861,kolmafiaold_admin_59a45b04de7e_1586736854222,latencyNetworkTransfer,8
12-Apr-2020-20:14:20.861,kolmafiaold_admin_59a45b04de7e_1586736854222,inboundSize,37
12-Apr-2020-20:14:20.898,kolmafiaold_admin_59a45b04de7e_1586736854222,inboundSize,32
12-Apr-2020-20:14:20.998,kolmafiaold_admin_59a45b04de7e_1586736854222,inboundSize,32
12-Apr-2020-20:14:21.098,kolmafiaold_admin_59a45b04de7e_1586736854222,inboundSize,32
12-Apr-2020-20:14:21.255,kolmafiaold_admin_59a45b04de7e_1586736854222,inboundSize,211
12-Apr-2020-20:14:21.257,kolmafiaold_admin_59a45b04de7e_1586736854222,outboundSize,39
12-Apr-2020-20:14:21.281,server,cpuUtilization,1.54012654012654
12-Apr-2020-20:14:21.281,server,cpuUtilizationServer,1.54012654012654
12-Apr-2020-20:14:21.286,kolmafiaold_admin_59a45b04de7e_1586736854222,outboundSize,216
12-Apr-2020-20:14:21.289,kolmafiaold_admin_59a45b04de7e_1586736854222,memoryAllocated,4096.0
12-Apr-2020-20:14:21.290,kolmafiaold_admin_59a45b04de7e_1586736854222,memoryUsed,89.0
12-Apr-2020-20:14:21.290,kolmafiaold_admin_59a45b04de7e_1586736854222,cpuUtilization,0.7296849087893864
12-Apr-2020-20:14:21.290,kolmafiaold_admin_59a45b04de7e_1586736854222,cpuUtilizationSession,0.7296849087893864
12-Apr-2020-20:14:21.290,kolmafiaold_admin_59a45b04de7e_1586736854222,edtThreadBlockedForSeconds,0
12-Apr-2020-20:14:21.301,kolmafiaold_admin_59a45b04de7e_1586736854222,inboundSize,38
12-Apr-2020-20:14:21.303,kolmafiaold_admin_59a45b04de7e_1586736854222,latencyServerRendering,0
12-Apr-2020-20:14:21.303,kolmafiaold_admin_59a45b04de7e_1586736854222,latencyClientRendering,11
12-Apr-2020-20:14:21.303,kolmafiaold_admin_59a45b04de7e_1586736854222,latency,19
12-Apr-2020-20:14:21.303,kolmafiaold_admin_59a45b04de7e_1586736854222,latencyNetworkTransfer,8
12-Apr-2020-20:14:21.303,kolmafiaold_admin_59a45b04de7e_1586736854222,inboundSize,38
12-Apr-2020-20:14:21.304,kolmafiaold_admin_59a45b04de7e_1586736854222,outboundSize,37
12-Apr-2020-20:14:21.357,kolmafiaold_admin_59a45b04de7e_1586736854222,outboundSize,295
12-Apr-2020-20:14:21.403,kolmafiaold_admin_59a45b04de7e_1586736854222,inboundSize,32
12-Apr-2020-20:14:21.407,kolmafiaold_admin_59a45b04de7e_1586736854222,inboundSize,6
12-Apr-2020-20:14:21.408,kolmafiaold_admin_59a45b04de7e_1586736854222,latencyServerRendering,0
12-Apr-2020-20:14:21.409,kolmafiaold_admin_59a45b04de7e_1586736854222,latencyClientRendering,2
12-Apr-2020-20:14:21.409,kolmafiaold_admin_59a45b04de7e_1586736854222,latency,53
12-Apr-2020-20:14:21.409,kolmafiaold_admin_59a45b04de7e_1586736854222,latencyNetworkTransfer,51
12-Apr-2020-20:14:21.409,kolmafiaold_admin_59a45b04de7e_1586736854222,inboundSize,37
12-Apr-2020-20:14:21.497,kolmafiaold_admin_59a45b04de7e_1586736854222,inboundSize,32
12-Apr-2020-20:14:21.599,kolmafiaold_admin_59a45b04de7e_1586736854222,inboundSize,32
12-Apr-2020-20:14:21.761,kolmafiaold_admin_59a45b04de7e_1586736854222,inboundSize,211
12-Apr-2020-20:14:21.784,kolmafiaold_admin_59a45b04de7e_1586736854222,outboundSize,216
12-Apr-2020-20:14:21.798,kolmafiaold_admin_59a45b04de7e_1586736854222,inboundSize,38
12-Apr-2020-20:14:21.800,kolmafiaold_admin_59a45b04de7e_1586736854222,latencyServerRendering,0
12-Apr-2020-20:14:21.800,kolmafiaold_admin_59a45b04de7e_1586736854222,latencyClientRendering,10
12-Apr-2020-20:14:21.800,kolmafiaold_admin_59a45b04de7e_1586736854222,latency,18
12-Apr-2020-20:14:21.800,kolmafiaold_admin_59a45b04de7e_1586736854222,latencyNetworkTransfer,8
12-Apr-2020-20:14:21.800,kolmafiaold_admin_59a45b04de7e_1586736854222,inboundSize,38
12-Apr-2020-20:14:21.852,kolmafiaold_admin_59a45b04de7e_1586736854222,inboundSize,32
12-Apr-2020-20:14:21.857,kolmafiaold_admin_59a45b04de7e_1586736854222,outboundSize,306
12-Apr-2020-20:14:21.864,kolmafiaold_admin_59a45b04de7e_1586736854222,inboundSize,6
12-Apr-2020-20:14:21.865,kolmafiaold_admin_59a45b04de7e_1586736854222,latencyServerRendering,1
12-Apr-2020-20:14:21.865,kolmafiaold_admin_59a45b04de7e_1586736854222,latencyClientRendering,1
12-Apr-2020-20:14:21.865,kolmafiaold_admin_59a45b04de7e_1586736854222,latency,10
12-Apr-2020-20:14:21.866,kolmafiaold_admin_59a45b04de7e_1586736854222,latencyNetworkTransfer,8
12-Apr-2020-20:14:21.866,kolmafiaold_admin_59a45b04de7e_1586736854222,inboundSize,37
12-Apr-2020-20:14:21.898,kolmafiaold_admin_59a45b04de7e_1586736854222,inboundSize,32
12-Apr-2020-20:14:21.998,kolmafiaold_admin_59a45b04de7e_1586736854222,inboundSize,32
12-Apr-2020-20:14:22.257,kolmafiaold_admin_59a45b04de7e_1586736854222,inboundSize,179
12-Apr-2020-20:14:22.280,server,cpuUtilization,2.102102102102102
12-Apr-2020-20:14:22.280,server,cpuUtilizationServer,2.102102102102102
12-Apr-2020-20:14:22.283,kolmafiaold_admin_59a45b04de7e_1586736854222,outboundSize,216
12-Apr-2020-20:14:22.295,kolmafiaold_admin_59a45b04de7e_1586736854222,memoryAllocated,4096.0
12-Apr-2020-20:14:22.295,kolmafiaold_admin_59a45b04de7e_1586736854222,memoryUsed,97.0
12-Apr-2020-20:14:22.295,kolmafiaold_admin_59a45b04de7e_1586736854222,cpuUtilization,0.6135986733001659
12-Apr-2020-20:14:22.295,kolmafiaold_admin_59a45b04de7e_1586736854222,cpuUtilizationSession,0.6135986733001659
12-Apr-2020-20:14:22.295,kolmafiaold_admin_59a45b04de7e_1586736854222,edtThreadBlockedForSeconds,0
12-Apr-2020-20:14:22.296,kolmafiaold_admin_59a45b04de7e_1586736854222,inboundSize,38
12-Apr-2020-20:14:22.297,kolmafiaold_admin_59a45b04de7e_1586736854222,latencyServerRendering,0
12-Apr-2020-20:14:22.297,kolmafiaold_admin_59a45b04de7e_1586736854222,latencyClientRendering,10
12-Apr-2020-20:14:22.298,kolmafiaold_admin_59a45b04de7e_1586736854222,latency,16
12-Apr-2020-20:14:22.298,kolmafiaold_admin_59a45b04de7e_1586736854222,latencyNetworkTransfer,6
12-Apr-2020-20:14:22.298,kolmafiaold_admin_59a45b04de7e_1586736854222,inboundSize,38
12-Apr-2020-20:14:22.336,kolmafiaold_admin_59a45b04de7e_1586736854222,inboundSize,32
12-Apr-2020-20:14:22.350,kolmafiaold_admin_59a45b04de7e_1586736854222,outboundSize,295
12-Apr-2020-20:14:22.354,kolmafiaold_admin_59a45b04de7e_1586736854222,inboundSize,38
12-Apr-2020-20:14:22.355,kolmafiaold_admin_59a45b04de7e_1586736854222,latencyServerRendering,1
12-Apr-2020-20:14:22.356,kolmafiaold_admin_59a45b04de7e_1586736854222,latencyClientRendering,1
12-Apr-2020-20:14:22.356,kolmafiaold_admin_59a45b04de7e_1586736854222,latency,7
12-Apr-2020-20:14:22.356,kolmafiaold_admin_59a45b04de7e_1586736854222,latencyNetworkTransfer,5
12-Apr-2020-20:14:22.356,kolmafiaold_admin_59a45b04de7e_1586736854222,inboundSize,37
12-Apr-2020-20:14:22.398,kolmafiaold_admin_59a45b04de7e_1586736854222,inboundSize,32
12-Apr-2020-20:14:22.498,kolmafiaold_admin_59a45b04de7e_1586736854222,inboundSize,32
12-Apr-2020-20:14:22.597,kolmafiaold_admin_59a45b04de7e_1586736854222,inboundSize,32
12-Apr-2020-20:14:22.765,kolmafiaold_admin_59a45b04de7e_1586736854222,inboundSize,210
12-Apr-2020-20:14:22.772,kolmafiaold_admin_59a45b04de7e_1586736854222,inboundSize,31
12-Apr-2020-20:14:22.780,kolmafiaold_admin_59a45b04de7e_1586736854222,outboundSize,216
12-Apr-2020-20:14:22.793,kolmafiaold_admin_59a45b04de7e_1586736854222,inboundSize,6
12-Apr-2020-20:14:22.795,kolmafiaold_admin_59a45b04de7e_1586736854222,latencyServerRendering,0
12-Apr-2020-20:14:22.795,kolmafiaold_admin_59a45b04de7e_1586736854222,latencyClientRendering,11
12-Apr-2020-20:14:22.795,kolmafiaold_admin_59a45b04de7e_1586736854222,latency,17
12-Apr-2020-20:14:22.795,kolmafiaold_admin_59a45b04de7e_1586736854222,latencyNetworkTransfer,6
12-Apr-2020-20:14:22.795,kolmafiaold_admin_59a45b04de7e_1586736854222,inboundSize,38
12-Apr-2020-20:14:22.853,kolmafiaold_admin_59a45b04de7e_1586736854222,outboundSize,306
12-Apr-2020-20:14:22.858,kolmafiaold_admin_59a45b04de7e_1586736854222,inboundSize,6
12-Apr-2020-20:14:22.859,kolmafiaold_admin_59a45b04de7e_1586736854222,latencyServerRendering,0
12-Apr-2020-20:14:22.859,kolmafiaold_admin_59a45b04de7e_1586736854222,latencyClientRendering,2
12-Apr-2020-20:14:22.859,kolmafiaold_admin_59a45b04de7e_1586736854222,latency,8
12-Apr-2020-20:14:22.859,kolmafiaold_admin_59a45b04de7e_1586736854222,latencyNetworkTransfer,6
12-Apr-2020-20:14:22.859,kolmafiaold_admin_59a45b04de7e_1586736854222,inboundSize,37
12-Apr-2020-20:14:23.280,server,cpuUtilization,0.9916666666666666
12-Apr-2020-20:14:23.281,server,cpuUtilizationServer,0.9916666666666666
12-Apr-2020-20:14:23.282,kolmafiaold_admin_59a45b04de7e_1586736854222,inboundSize,210
12-Apr-2020-20:14:23.291,kolmafiaold_admin_59a45b04de7e_1586736854222,inboundSize,52
12-Apr-2020-20:14:23.298,kolmafiaold_admin_59a45b04de7e_1586736854222,memoryAllocated,4096.0
12-Apr-2020-20:14:23.298,kolmafiaold_admin_59a45b04de7e_1586736854222,memoryUsed,106.0
12-Apr-2020-20:14:23.298,kolmafiaold_admin_59a45b04de7e_1586736854222,cpuUtilization,0.5976095617529881
12-Apr-2020-20:14:23.298,kolmafiaold_admin_59a45b04de7e_1586736854222,cpuUtilizationSession,0.5976095617529881
12-Apr-2020-20:14:23.298,kolmafiaold_admin_59a45b04de7e_1586736854222,edtThreadBlockedForSeconds,0
12-Apr-2020-20:14:23.317,kolmafiaold_admin_59a45b04de7e_1586736854222,outboundSize,216
12-Apr-2020-20:14:23.330,kolmafiaold_admin_59a45b04de7e_1586736854222,inboundSize,38
12-Apr-2020-20:14:23.331,kolmafiaold_admin_59a45b04de7e_1586736854222,latencyServerRendering,1
12-Apr-2020-20:14:23.331,kolmafiaold_admin_59a45b04de7e_1586736854222,latencyClientRendering,10
12-Apr-2020-20:14:23.331,kolmafiaold_admin_59a45b04de7e_1586736854222,latency,16
12-Apr-2020-20:14:23.331,kolmafiaold_admin_59a45b04de7e_1586736854222,latencyNetworkTransfer,5
12-Apr-2020-20:14:23.332,kolmafiaold_admin_59a45b04de7e_1586736854222,inboundSize,38
12-Apr-2020-20:14:23.366,kolmafiaold_admin_59a45b04de7e_1586736854222,inboundSize,20
12-Apr-2020-20:14:23.390,kolmafiaold_admin_59a45b04de7e_1586736854222,outboundSize,319
12-Apr-2020-20:14:23.395,kolmafiaold_admin_59a45b04de7e_1586736854222,inboundSize,6
12-Apr-2020-20:14:23.396,kolmafiaold_admin_59a45b04de7e_1586736854222,latencyServerRendering,0
12-Apr-2020-20:14:23.396,kolmafiaold_admin_59a45b04de7e_1586736854222,latencyClientRendering,3
12-Apr-2020-20:14:23.396,kolmafiaold_admin_59a45b04de7e_1586736854222,latency,8
12-Apr-2020-20:14:23.396,kolmafiaold_admin_59a45b04de7e_1586736854222,latencyNetworkTransfer,5
12-Apr-2020-20:14:23.397,kolmafiaold_admin_59a45b04de7e_1586736854222,inboundSize,37
12-Apr-2020-20:14:23.426,kolmafiaold_admin_59a45b04de7e_1586736854222,outboundSize,699
12-Apr-2020-20:14:23.431,kolmafiaold_admin_59a45b04de7e_1586736854222,inboundSize,6
12-Apr-2020-20:14:23.432,kolmafiaold_admin_59a45b04de7e_1586736854222,latencyServerRendering,1
12-Apr-2020-20:14:23.432,kolmafiaold_admin_59a45b04de7e_1586736854222,latencyClientRendering,2
12-Apr-2020-20:14:23.432,kolmafiaold_admin_59a45b04de7e_1586736854222,latency,9
12-Apr-2020-20:14:23.432,kolmafiaold_admin_59a45b04de7e_1586736854222,latencyNetworkTransfer,6
12-Apr-2020-20:14:23.433,kolmafiaold_admin_59a45b04de7e_1586736854222,inboundSize,37
12-Apr-2020-20:14:23.758,kolmafiaold_admin_59a45b04de7e_1586736854222,inboundSize,179
12-Apr-2020-20:14:23.790,kolmafiaold_admin_59a45b04de7e_1586736854222,outboundSize,216
12-Apr-2020-20:14:23.804,kolmafiaold_admin_59a45b04de7e_1586736854222,inboundSize,6
12-Apr-2020-20:14:23.805,kolmafiaold_admin_59a45b04de7e_1586736854222,latencyServerRendering,1
12-Apr-2020-20:14:23.805,kolmafiaold_admin_59a45b04de7e_1586736854222,latencyClientRendering,11
12-Apr-2020-20:14:23.805,kolmafiaold_admin_59a45b04de7e_1586736854222,latency,17
12-Apr-2020-20:14:23.805,kolmafiaold_admin_59a45b04de7e_1586736854222,latencyNetworkTransfer,5
12-Apr-2020-20:14:23.806,kolmafiaold_admin_59a45b04de7e_1586736854222,inboundSize,38
12-Apr-2020-20:14:23.930,kolmafiaold_admin_59a45b04de7e_1586736854222,outboundSize,295
12-Apr-2020-20:14:23.934,kolmafiaold_admin_59a45b04de7e_1586736854222,inboundSize,6
12-Apr-2020-20:14:23.935,kolmafiaold_admin_59a45b04de7e_1586736854222,latencyServerRendering,0
12-Apr-2020-20:14:23.935,kolmafiaold_admin_59a45b04de7e_1586736854222,latencyClientRendering,2
12-Apr-2020-20:14:23.935,kolmafiaold_admin_59a45b04de7e_1586736854222,latency,7
12-Apr-2020-20:14:23.935,kolmafiaold_admin_59a45b04de7e_1586736854222,latencyNetworkTransfer,5
12-Apr-2020-20:14:23.935,kolmafiaold_admin_59a45b04de7e_1586736854222,inboundSize,37
12-Apr-2020-20:14:24.054,kolmafiaold_admin_59a45b04de7e_1586736854222,latencyPing,7
12-Apr-2020-20:14:24.054,kolmafiaold_admin_59a45b04de7e_1586736854222,inboundSize,6
12-Apr-2020-20:14:24.256,kolmafiaold_admin_59a45b04de7e_1586736854222,inboundSize,179
12-Apr-2020-20:14:24.280,server,cpuUtilization,3.6036036036036037
12-Apr-2020-20:14:24.280,server,cpuUtilizationServer,3.6036036036036037
12-Apr-2020-20:14:24.284,kolmafiaold_admin_59a45b04de7e_1586736854222,outboundSize,216
12-Apr-2020-20:14:24.297,kolmafiaold_admin_59a45b04de7e_1586736854222,inboundSize,6
12-Apr-2020-20:14:24.299,kolmafiaold_admin_59a45b04de7e_1586736854222,latencyServerRendering,0
12-Apr-2020-20:14:24.299,kolmafiaold_admin_59a45b04de7e_1586736854222,latencyClientRendering,10
12-Apr-2020-20:14:24.299,kolmafiaold_admin_59a45b04de7e_1586736854222,latency,17
12-Apr-2020-20:14:24.299,kolmafiaold_admin_59a45b04de7e_1586736854222,latencyNetworkTransfer,7
12-Apr-2020-20:14:24.299,kolmafiaold_admin_59a45b04de7e_1586736854222,inboundSize,38
12-Apr-2020-20:14:24.300,kolmafiaold_admin_59a45b04de7e_1586736854222,memoryAllocated,4096.0
12-Apr-2020-20:14:24.301,kolmafiaold_admin_59a45b04de7e_1586736854222,memoryUsed,115.0
12-Apr-2020-20:14:24.301,kolmafiaold_admin_59a45b04de7e_1586736854222,cpuUtilization,1.0728542914171655
12-Apr-2020-20:14:24.301,kolmafiaold_admin_59a45b04de7e_1586736854222,cpuUtilizationSession,1.0728542914171655
12-Apr-2020-20:14:24.301,kolmafiaold_admin_59a45b04de7e_1586736854222,edtThreadBlockedForSeconds,0
12-Apr-2020-20:14:24.430,kolmafiaold_admin_59a45b04de7e_1586736854222,outboundSize,306
12-Apr-2020-20:14:24.436,kolmafiaold_admin_59a45b04de7e_1586736854222,inboundSize,6
12-Apr-2020-20:14:24.438,kolmafiaold_admin_59a45b04de7e_1586736854222,latencyServerRendering,0
12-Apr-2020-20:14:24.438,kolmafiaold_admin_59a45b04de7e_1586736854222,latencyClientRendering,2
12-Apr-2020-20:14:24.438,kolmafiaold_admin_59a45b04de7e_1586736854222,latency,10
12-Apr-2020-20:14:24.438,kolmafiaold_admin_59a45b04de7e_1586736854222,latencyNetworkTransfer,8
12-Apr-2020-20:14:24.439,kolmafiaold_admin_59a45b04de7e_1586736854222,inboundSize,37
12-Apr-2020-20:14:24.773,kolmafiaold_admin_59a45b04de7e_1586736854222,inboundSize,179
12-Apr-2020-20:14:24.792,kolmafiaold_admin_59a45b04de7e_1586736854222,outboundSize,216
12-Apr-2020-20:14:24.805,kolmafiaold_admin_59a45b04de7e_1586736854222,inboundSize,6
12-Apr-2020-20:14:24.806,kolmafiaold_admin_59a45b04de7e_1586736854222,latencyServerRendering,0
12-Apr-2020-20:14:24.806,kolmafiaold_admin_59a45b04de7e_1586736854222,latencyClientRendering,10
12-Apr-2020-20:14:24.806,kolmafiaold_admin_59a45b04de7e_1586736854222,latency,16
12-Apr-2020-20:14:24.806,kolmafiaold_admin_59a45b04de7e_1586736854222,latencyNetworkTransfer,6
12-Apr-2020-20:14:24.807,kolmafiaold_admin_59a45b04de7e_1586736854222,inboundSize,38
12-Apr-2020-20:14:24.934,kolmafiaold_admin_59a45b04de7e_1586736854222,outboundSize,295
12-Apr-2020-20:14:24.939,kolmafiaold_admin_59a45b04de7e_1586736854222,inboundSize,38
12-Apr-2020-20:14:24.940,kolmafiaold_admin_59a45b04de7e_1586736854222,latencyServerRendering,0
12-Apr-2020-20:14:24.940,kolmafiaold_admin_59a45b04de7e_1586736854222,latencyClientRendering,2
12-Apr-2020-20:14:24.940,kolmafiaold_admin_59a45b04de7e_1586736854222,latency,8
12-Apr-2020-20:14:24.940,kolmafiaold_admin_59a45b04de7e_1586736854222,latencyNetworkTransfer,6
12-Apr-2020-20:14:24.940,kolmafiaold_admin_59a45b04de7e_1586736854222,inboundSize,37
12-Apr-2020-20:14:25.098,kolmafiaold_admin_59a45b04de7e_1586736854222,inboundSize,32
12-Apr-2020-20:14:25.255,kolmafiaold_admin_59a45b04de7e_1586736854222,inboundSize,179
12-Apr-2020-20:14:25.261,kolmafiaold_admin_59a45b04de7e_1586736854222,outboundSize,216
12-Apr-2020-20:14:25.274,kolmafiaold_admin_59a45b04de7e_1586736854222,inboundSize,6
12-Apr-2020-20:14:25.275,kolmafiaold_admin_59a45b04de7e_1586736854222,latencyServerRendering,1
12-Apr-2020-20:14:25.276,kolmafiaold_admin_59a45b04de7e_1586736854222,latencyClientRendering,11
12-Apr-2020-20:14:25.276,kolmafiaold_admin_59a45b04de7e_1586736854222,latency,17
12-Apr-2020-20:14:25.276,kolmafiaold_admin_59a45b04de7e_1586736854222,latencyNetworkTransfer,5
12-Apr-2020-20:14:25.276,kolmafiaold_admin_59a45b04de7e_1586736854222,inboundSize,38
12-Apr-2020-20:14:25.280,server,cpuUtilization,1.814851814851815
12-Apr-2020-20:14:25.280,server,cpuUtilizationServer,1.814851814851815
12-Apr-2020-20:14:25.305,kolmafiaold_admin_59a45b04de7e_1586736854222,memoryAllocated,4096.0
12-Apr-2020-20:14:25.305,kolmafiaold_admin_59a45b04de7e_1586736854222,memoryUsed,123.0
12-Apr-2020-20:14:25.305,kolmafiaold_admin_59a45b04de7e_1586736854222,cpuUtilization,0.538971807628524
12-Apr-2020-20:14:25.305,kolmafiaold_admin_59a45b04de7e_1586736854222,cpuUtilizationSession,0.538971807628524
12-Apr-2020-20:14:25.305,kolmafiaold_admin_59a45b04de7e_1586736854222,edtThreadBlockedForSeconds,0
12-Apr-2020-20:14:25.442,kolmafiaold_admin_59a45b04de7e_1586736854222,outboundSize,306
12-Apr-2020-20:14:25.445,kolmafiaold_admin_59a45b04de7e_1586736854222,inboundSize,6
12-Apr-2020-20:14:25.446,kolmafiaold_admin_59a45b04de7e_1586736854222,latencyServerRendering,0
12-Apr-2020-20:14:25.446,kolmafiaold_admin_59a45b04de7e_1586736854222,latencyClientRendering,2
12-Apr-2020-20:14:25.446,kolmafiaold_admin_59a45b04de7e_1586736854222,latency,6
12-Apr-2020-20:14:25.447,kolmafiaold_admin_59a45b04de7e_1586736854222,latencyNetworkTransfer,4
12-Apr-2020-20:14:25.447,kolmafiaold_admin_59a45b04de7e_1586736854222,inboundSize,37
12-Apr-2020-20:14:25.757,kolmafiaold_admin_59a45b04de7e_1586736854222,inboundSize,179
12-Apr-2020-20:14:25.765,kolmafiaold_admin_59a45b04de7e_1586736854222,outboundSize,216
12-Apr-2020-20:14:25.778,kolmafiaold_admin_59a45b04de7e_1586736854222,inboundSize,6
12-Apr-2020-20:14:25.779,kolmafiaold_admin_59a45b04de7e_1586736854222,latencyServerRendering,0
12-Apr-2020-20:14:25.779,kolmafiaold_admin_59a45b04de7e_1586736854222,latencyClientRendering,10
12-Apr-2020-20:14:25.779,kolmafiaold_admin_59a45b04de7e_1586736854222,latency,16
12-Apr-2020-20:14:25.779,kolmafiaold_admin_59a45b04de7e_1586736854222,latencyNetworkTransfer,6
12-Apr-2020-20:14:25.779,kolmafiaold_admin_59a45b04de7e_1586736854222,inboundSize,38
12-Apr-2020-20:14:25.937,kolmafiaold_admin_59a45b04de7e_1586736854222,outboundSize,295
12-Apr-2020-20:14:25.941,kolmafiaold_admin_59a45b04de7e_1586736854222,inboundSize,6
12-Apr-2020-20:14:25.942,kolmafiaold_admin_59a45b04de7e_1586736854222,latencyServerRendering,0
12-Apr-2020-20:14:25.942,kolmafiaold_admin_59a45b04de7e_1586736854222,latencyClientRendering,1
12-Apr-2020-20:14:25.942,kolmafiaold_admin_59a45b04de7e_1586736854222,latency,7
12-Apr-2020-20:14:25.942,kolmafiaold_admin_59a45b04de7e_1586736854222,latencyNetworkTransfer,6
12-Apr-2020-20:14:25.942,kolmafiaold_admin_59a45b04de7e_1586736854222,inboundSize,37
12-Apr-2020-20:14:26.257,kolmafiaold_admin_59a45b04de7e_1586736854222,inboundSize,179
12-Apr-2020-20:14:26.261,kolmafiaold_admin_59a45b04de7e_1586736854222,outboundSize,216
12-Apr-2020-20:14:26.275,kolmafiaold_admin_59a45b04de7e_1586736854222,inboundSize,6
12-Apr-2020-20:14:26.276,kolmafiaold_admin_59a45b04de7e_1586736854222,latencyServerRendering,1
12-Apr-2020-20:14:26.276,kolmafiaold_admin_59a45b04de7e_1586736854222,latencyClientRendering,11
12-Apr-2020-20:14:26.276,kolmafiaold_admin_59a45b04de7e_1586736854222,latency,18
12-Apr-2020-20:14:26.276,kolmafiaold_admin_59a45b04de7e_1586736854222,latencyNetworkTransfer,6
12-Apr-2020-20:14:26.277,kolmafiaold_admin_59a45b04de7e_1586736854222,inboundSize,38
12-Apr-2020-20:14:26.281,server,cpuUtilization,0.9074259074259075
12-Apr-2020-20:14:26.281,server,cpuUtilizationServer,0.9074259074259075
12-Apr-2020-20:14:26.306,kolmafiaold_admin_59a45b04de7e_1586736854222,memoryAllocated,4096.0
12-Apr-2020-20:14:26.306,kolmafiaold_admin_59a45b04de7e_1586736854222,memoryUsed,131.0
12-Apr-2020-20:14:26.306,kolmafiaold_admin_59a45b04de7e_1586736854222,cpuUtilization,0.325
12-Apr-2020-20:14:26.306,kolmafiaold_admin_59a45b04de7e_1586736854222,cpuUtilizationSession,0.325
12-Apr-2020-20:14:26.306,kolmafiaold_admin_59a45b04de7e_1586736854222,edtThreadBlockedForSeconds,0
12-Apr-2020-20:14:26.439,kolmafiaold_admin_59a45b04de7e_1586736854222,outboundSize,306
12-Apr-2020-20:14:26.443,kolmafiaold_admin_59a45b04de7e_1586736854222,inboundSize,6
12-Apr-2020-20:14:26.444,kolmafiaold_admin_59a45b04de7e_1586736854222,latencyServerRendering,1
12-Apr-2020-20:14:26.444,kolmafiaold_admin_59a45b04de7e_1586736854222,latencyClientRendering,1
12-Apr-2020-20:14:26.444,kolmafiaold_admin_59a45b04de7e_1586736854222,latency,7
12-Apr-2020-20:14:26.444,kolmafiaold_admin_59a45b04de7e_1586736854222,latencyNetworkTransfer,5
12-Apr-2020-20:14:26.444,kolmafiaold_admin_59a45b04de7e_1586736854222,inboundSize,37
12-Apr-2020-20:14:26.756,kolmafiaold_admin_59a45b04de7e_1586736854222,inboundSize,179
12-Apr-2020-20:14:26.765,kolmafiaold_admin_59a45b04de7e_1586736854222,outboundSize,216
12-Apr-2020-20:14:26.778,kolmafiaold_admin_59a45b04de7e_1586736854222,inboundSize,6
12-Apr-2020-20:14:26.779,kolmafiaold_admin_59a45b04de7e_1586736854222,latencyServerRendering,0
12-Apr-2020-20:14:26.779,kolmafiaold_admin_59a45b04de7e_1586736854222,latencyClientRendering,10
12-Apr-2020-20:14:26.779,kolmafiaold_admin_59a45b04de7e_1586736854222,latency,16
12-Apr-2020-20:14:26.779,kolmafiaold_admin_59a45b04de7e_1586736854222,latencyNetworkTransfer,6
12-Apr-2020-20:14:26.780,kolmafiaold_admin_59a45b04de7e_1586736854222,inboundSize,38
12-Apr-2020-20:14:26.944,kolmafiaold_admin_59a45b04de7e_1586736854222,outboundSize,295
12-Apr-2020-20:14:26.948,kolmafiaold_admin_59a45b04de7e_1586736854222,inboundSize,6
12-Apr-2020-20:14:26.949,kolmafiaold_admin_59a45b04de7e_1586736854222,latencyServerRendering,0
12-Apr-2020-20:14:26.949,kolmafiaold_admin_59a45b04de7e_1586736854222,latencyClientRendering,1
12-Apr-2020-20:14:26.949,kolmafiaold_admin_59a45b04de7e_1586736854222,latency,7
12-Apr-2020-20:14:26.949,kolmafiaold_admin_59a45b04de7e_1586736854222,latencyNetworkTransfer,6
12-Apr-2020-20:14:26.949,kolmafiaold_admin_59a45b04de7e_1586736854222,inboundSize,37
12-Apr-2020-20:14:27.255,kolmafiaold_admin_59a45b04de7e_1586736854222,inboundSize,179
12-Apr-2020-20:14:27.265,kolmafiaold_admin_59a45b04de7e_1586736854222,outboundSize,216
12-Apr-2020-20:14:27.278,kolmafiaold_admin_59a45b04de7e_1586736854222,inboundSize,6
12-Apr-2020-20:14:27.279,kolmafiaold_admin_59a45b04de7e_1586736854222,latencyServerRendering,0
12-Apr-2020-20:14:27.279,kolmafiaold_admin_59a45b04de7e_1586736854222,latencyClientRendering,10
12-Apr-2020-20:14:27.279,kolmafiaold_admin_59a45b04de7e_1586736854222,latency,16
12-Apr-2020-20:14:27.279,kolmafiaold_admin_59a45b04de7e_1586736854222,latencyNetworkTransfer,6
12-Apr-2020-20:14:27.280,kolmafiaold_admin_59a45b04de7e_1586736854222,inboundSize,38
12-Apr-2020-20:14:27.280,server,cpuUtilization,0.9592926259592927
12-Apr-2020-20:14:27.280,server,cpuUtilizationServer,0.9592926259592927
12-Apr-2020-20:14:27.309,kolmafiaold_admin_59a45b04de7e_1586736854222,memoryAllocated,4096.0
12-Apr-2020-20:14:27.310,kolmafiaold_admin_59a45b04de7e_1586736854222,memoryUsed,139.0
12-Apr-2020-20:14:27.310,kolmafiaold_admin_59a45b04de7e_1586736854222,cpuUtilization,0.4233067729083666
12-Apr-2020-20:14:27.310,kolmafiaold_admin_59a45b04de7e_1586736854222,cpuUtilizationSession,0.4233067729083666
12-Apr-2020-20:14:27.310,kolmafiaold_admin_59a45b04de7e_1586736854222,edtThreadBlockedForSeconds,0
