2020-04-11 14:56:05,563 INFO  [main] (WebswingServlet.java:35) Initializing Webswing...
2020-04-11 14:56:05,844 INFO  [main] (DefaultInitializer.java:29) Using Temp folder:/Users/ggar/Documents/codeprojects/webswing-examples-2.7.5/tmp/release
2020-04-11 14:56:05,844 INFO  [main] (DefaultInitializer.java:33) Using Root folder:/Users/ggar/Documents/codeprojects/webswing-examples-2.7.5
2020-04-11 14:56:05,844 INFO  [main] (DefaultInitializer.java:43) Using War file:file:/Users/ggar/Documents/codeprojects/webswing-examples-2.7.5/webswing-server.war
2020-04-11 14:56:05,845 INFO  [main] (DefaultInitializer.java:47) Using Config file:file:/Users/ggar/Documents/codeprojects/webswing-examples-2.7.5/webswing.config
2020-04-11 14:56:06,079 INFO  [main] (StartupServiceImpl.java:33) Starting service JmsServiceImpl
2020-04-11 14:56:16,365 INFO  [main] (StartupServiceImpl.java:33) Starting service WebSocketServiceImpl
2020-04-11 14:56:17,998 INFO  [main] (StartupServiceImpl.java:33) Starting service ConfigurationServiceImpl
2020-04-11 14:56:18,186 INFO  [main] (StartupServiceImpl.java:33) Starting service ExtensionServiceImpl
2020-04-11 14:56:18,187 INFO  [main] (ExtensionServiceImpl.java:40) Initializing extension provider org.webswing.server.extension.DefaultExtensionProvider
2020-04-11 14:56:18,187 INFO  [main] (StartupServiceImpl.java:33) Starting service StatisticsLoggerServiceImpl
2020-04-11 14:56:18,187 INFO  [main] (StartupServiceImpl.java:33) Starting service SwingProcessServiceImpl
2020-04-11 14:56:18,188 INFO  [main] (SecurityManagerServiceImpl.java:43) Starting SecurityManagerServiceImpl
2020-04-11 14:56:18,674 INFO  [main] (GlobalUrlHandler.java:162) Loading configured Applications.
2020-04-11 14:56:18,706 INFO  [main] (GlobalUrlHandler.java:180) Installing application /swingset3
2020-04-11 14:56:18,709 INFO  [main] (GlobalUrlHandler.java:180) Installing application /netbeans
2020-04-11 14:56:18,709 INFO  [main] (GlobalUrlHandler.java:180) Installing application /applet
2020-04-11 14:56:18,710 INFO  [main] (GlobalUrlHandler.java:180) Installing application /javafx
2020-04-11 14:56:18,930 INFO  [main] (GlobalUrlHandler.java:150) Loading master security module.({module=EMBEDED, config={users=[{username=admin, password=pwd, roles=[admin]}, {username=support, password=pwd, roles=[support]}, {username=user, password=pwd}]}, classPath=[]}).
2020-04-11 14:58:41,328 INFO  [qtp250075633-56] (DefaultConfigurationProvider.java:239) App configuration for path '/swingset3' changed.
2020-04-11 14:58:41,330 INFO  [qtp250075633-56] (DefaultConfigurationProvider.java:239) App configuration for path '/netbeans' changed.
2020-04-11 14:58:41,331 INFO  [qtp250075633-56] (DefaultConfigurationProvider.java:239) App configuration for path '/applet' changed.
2020-04-11 14:58:41,331 INFO  [qtp250075633-56] (GlobalUrlHandler.java:187) Removing application /javafx
2020-04-11 14:58:41,332 ERROR [qtp250075633-56] (DefaultConfigurationProvider.java:253) Deleted app configuration '/javafx'.
2020-04-11 14:58:50,594 INFO  [qtp250075633-68] (GlobalUrlHandler.java:187) Removing application /netbeans
2020-04-11 14:58:50,595 ERROR [qtp250075633-68] (DefaultConfigurationProvider.java:253) Deleted app configuration '/netbeans'.
2020-04-11 14:58:57,759 INFO  [qtp250075633-68] (GlobalUrlHandler.java:187) Removing application /swingset3
2020-04-11 14:58:57,760 ERROR [qtp250075633-68] (DefaultConfigurationProvider.java:253) Deleted app configuration '/swingset3'.
2020-04-11 14:59:04,007 INFO  [qtp250075633-10] (GlobalUrlHandler.java:187) Removing application /applet
2020-04-11 14:59:04,008 ERROR [qtp250075633-10] (DefaultConfigurationProvider.java:253) Deleted app configuration '/applet'.
2020-04-11 14:59:11,511 INFO  [qtp250075633-68] (GlobalUrlHandler.java:180) Installing application /kolmafia
2020-04-11 14:59:11,573 INFO  [qtp250075633-68] (DefaultConfigurationProvider.java:239) App configuration for path '/kolmafia' changed.
2020-04-11 14:59:11,578 INFO  [qtp250075633-68] (DefaultConfigurationProvider.java:239) App configuration for path '/kolmafia' changed.
2020-04-11 15:00:14,473 INFO  [qtp250075633-11] (DefaultConfigurationProvider.java:239) App configuration for path '/kolmafia' changed.
2020-04-11 15:00:16,396 ERROR [qtp250075633-12] (SwingInstanceManagerImpl.java:109) User authorization failed. This application is disabled.
2020-04-11 15:00:17,051 ERROR [qtp250075633-59] (SwingInstanceManagerImpl.java:109) User authorization failed. This application is disabled.
2020-04-11 15:00:17,403 ERROR [qtp250075633-12] (SwingInstanceManagerImpl.java:109) User authorization failed. This application is disabled.
2020-04-11 15:00:17,580 ERROR [qtp250075633-12] (SwingInstanceManagerImpl.java:109) User authorization failed. This application is disabled.
2020-04-11 15:00:18,104 ERROR [qtp250075633-68] (SwingInstanceManagerImpl.java:109) User authorization failed. This application is disabled.
2020-04-11 15:00:18,571 ERROR [qtp250075633-12] (SwingInstanceManagerImpl.java:109) User authorization failed. This application is disabled.
2020-04-11 15:00:24,631 INFO  [qtp250075633-61] (SwingProcessImpl.java:80) Starting application process [kolmafia_admin_f71b443a4f55_1586631624522] from [/Users/ggar/Documents/codeprojects/webswing-examples-2.7.5] :[/Library/Java/JavaVirtualMachines/jdk1.8.0_241.jdk/Contents/Home/jre/bin/java, -Xbootclasspath/a:/Users/ggar/Documents/codeprojects/webswing-examples-2.7.5/tmp/release/WEB-INF_swing-boot_webswing-api-2.7.5.jar:/Users/ggar/Documents/codeprojects/webswing-examples-2.7.5/tmp/release/WEB-INF_swing-boot_webswing-app-toolkit-java8-2.7.5.jar:/Users/ggar/Documents/codeprojects/webswing-examples-2.7.5/tmp/release/WEB-INF_swing-boot_webswing-app-toolkit-2.7.5.jar:/Users/ggar/Documents/codeprojects/webswing-examples-2.7.5/tmp/release/WEB-INF_swing-boot_java.desktop.modpatch-1.jar, -noverify, -Dwebswing.allowAutoDownload=true, -Dwebswing.initialUrl=http://localhost:8080/kolmafia/, -Dwebswing.sessionTimeoutIfInactive=false, -Dawt.toolkit=org.webswing.toolkit.WebToolkit8, -Dwebswing.tempDirPath=file:/Users/ggar/Documents/codeprojects/webswing-examples-2.7.5/tmp/release/, -Dwebswing.printerJobDelegate=org.webswing.toolkit.WebPrinterJob, -Dwebswing.allowJsLink=true, -Dwebswing.transparentFileSave=true, -Dwebswing.allowUpload=true, -Dwebswing.directdraw.supported=true, -Dwebswing.sessionTimeoutSec=300, -Dwebswing.screenHeight=696, -Dwebswing.isolatedFs=false, -Dwebswing.allowDownload=true, -Dwebswing.transparentFileOpen=true, -Dwebswing.jmsUrl=nio://127.0.0.1:34455, -Dwebswing.allowDelete=true, -Dwebswing.clientId=kolmafia_admin_f71b443a4f55_1586631624522, -Dwebswing.mainClass=net.sourceforge.kolmafia.KoLMafia, -Dwebswing.applicationHome=/Users/ggar/Documents/codeprojects/webswing-examples-2.7.5, -Dwebswing.compositingWindowManager=false, -Dwebswing.screenWidth=891, -Djava.awt.printerjob=org.webswing.toolkit.WebPrinterJobWrapper, -Dwebswing.allowLocalClipboard=true, -Dwebswing.messagingApiTopicName=msgApiSharedTopic/kolmafia, -Dwebswing.classPath=/apps/KoLmafia-20.3.jar, -Dwebswing.appId=/kolmafia, -Dwebswing.directdraw=true, -Dwebswing.transfer.dir=/Users/ggar/Documents/codeprojects/webswing-examples-2.7.5/admin/upload, -Dwebswing.theme=Murrine, -Djava.awt.graphicsenv=org.webswing.toolkit.ge.WebGraphicsEnvironment8, -Djava.awt.headless=false, -Dwebswing.jmsQueueId=kolmafia_admin_f71b443a4f55_1586631624522, -Dwebswing.testMode=false, -cp, /Users/ggar/Documents/codeprojects/webswing-examples-2.7.5/webswing-server.war, main.Main]
2020-04-11 15:00:25,241 INFO  [Webswing Process Handler] (SwingProcessImpl.java:324) [kolmafia_admin_f71b443a4f55_1586631624522] INFO: JPDFWriter library not found on classpath, fallback to FreeHEP PDF service.
2020-04-11 15:00:30,545 INFO  [Webswing Process Handler] (SwingProcessImpl.java:324) [kolmafia_admin_f71b443a4f55_1586631624522] ERROR: SwingMain:main ERROR: Required classpath file '/apps/KoLmafia-20.3.jar' does not exist!
2020-04-11 15:00:30,546 INFO  [Webswing Process Handler] (SwingProcessImpl.java:324) [kolmafia_admin_f71b443a4f55_1586631624522] INFO: ClassModificationRegister: lock acquired.
2020-04-11 15:00:30,546 INFO  [Webswing Process Handler] (SwingProcessImpl.java:324) [kolmafia_admin_f71b443a4f55_1586631624522] FATAL: SwingMain:main -> java.lang.ClassNotFoundException: net.sourceforge.kolmafia.KoLMafia
2020-04-11 15:00:30,546 INFO  [Webswing Process Handler] (SwingProcessImpl.java:324) [kolmafia_admin_f71b443a4f55_1586631624522] 	at org.webswing.classloader.SwingClassloader.loadClass(SwingClassloader.java:250)
2020-04-11 15:00:30,546 INFO  [Webswing Process Handler] (SwingProcessImpl.java:324) [kolmafia_admin_f71b443a4f55_1586631624522] 	at java.lang.ClassLoader.loadClass(ClassLoader.java:351)
2020-04-11 15:00:30,546 INFO  [Webswing Process Handler] (SwingProcessImpl.java:324) [kolmafia_admin_f71b443a4f55_1586631624522] 	at org.webswing.SwingMain.startSwingApp(SwingMain.java:57)
2020-04-11 15:00:30,546 INFO  [Webswing Process Handler] (SwingProcessImpl.java:324) [kolmafia_admin_f71b443a4f55_1586631624522] 	at org.webswing.SwingMain.main(SwingMain.java:46)
2020-04-11 15:00:30,546 INFO  [Webswing Process Handler] (SwingProcessImpl.java:324) [kolmafia_admin_f71b443a4f55_1586631624522] 	at sun.reflect.NativeMethodAccessorImpl.invoke0(Native Method)
2020-04-11 15:00:30,546 INFO  [Webswing Process Handler] (SwingProcessImpl.java:324) [kolmafia_admin_f71b443a4f55_1586631624522] 	at sun.reflect.NativeMethodAccessorImpl.invoke(NativeMethodAccessorImpl.java:62)
2020-04-11 15:00:30,546 INFO  [Webswing Process Handler] (SwingProcessImpl.java:324) [kolmafia_admin_f71b443a4f55_1586631624522] 	at sun.reflect.DelegatingMethodAccessorImpl.invoke(DelegatingMethodAccessorImpl.java:43)
2020-04-11 15:00:30,547 INFO  [Webswing Process Handler] (SwingProcessImpl.java:324) [kolmafia_admin_f71b443a4f55_1586631624522] 	at java.lang.reflect.Method.invoke(Method.java:498)
2020-04-11 15:00:30,547 INFO  [Webswing Process Handler] (SwingProcessImpl.java:324) [kolmafia_admin_f71b443a4f55_1586631624522] 	at main.Main.main(Main.java:80)
2020-04-11 15:00:30,547 INFO  [Webswing Process Handler] (SwingProcessImpl.java:324) [kolmafia_admin_f71b443a4f55_1586631624522]  | 
2020-04-11 15:00:30,743 INFO  [Webswing Process Handler] (SwingProcessImpl.java:158) [kolmafia_admin_f71b443a4f55_1586631624522] app process terminated. 
2020-04-11 15:00:33,534 INFO  [qtp250075633-61] (SwingProcessImpl.java:80) Starting application process [kolmafia_admin_f71b443a4f55_1586631633527] from [/Users/ggar/Documents/codeprojects/webswing-examples-2.7.5] :[/Library/Java/JavaVirtualMachines/jdk1.8.0_241.jdk/Contents/Home/jre/bin/java, -Xbootclasspath/a:/Users/ggar/Documents/codeprojects/webswing-examples-2.7.5/tmp/release/WEB-INF_swing-boot_webswing-api-2.7.5.jar:/Users/ggar/Documents/codeprojects/webswing-examples-2.7.5/tmp/release/WEB-INF_swing-boot_webswing-app-toolkit-java8-2.7.5.jar:/Users/ggar/Documents/codeprojects/webswing-examples-2.7.5/tmp/release/WEB-INF_swing-boot_webswing-app-toolkit-2.7.5.jar:/Users/ggar/Documents/codeprojects/webswing-examples-2.7.5/tmp/release/WEB-INF_swing-boot_java.desktop.modpatch-1.jar, -noverify, -Dwebswing.allowAutoDownload=true, -Dwebswing.initialUrl=http://localhost:8080/kolmafia/, -Dwebswing.sessionTimeoutIfInactive=false, -Dawt.toolkit=org.webswing.toolkit.WebToolkit8, -Dwebswing.tempDirPath=file:/Users/ggar/Documents/codeprojects/webswing-examples-2.7.5/tmp/release/, -Dwebswing.printerJobDelegate=org.webswing.toolkit.WebPrinterJob, -Dwebswing.allowJsLink=true, -Dwebswing.transparentFileSave=true, -Dwebswing.allowUpload=true, -Dwebswing.directdraw.supported=true, -Dwebswing.sessionTimeoutSec=300, -Dwebswing.screenHeight=696, -Dwebswing.isolatedFs=false, -Dwebswing.allowDownload=true, -Dwebswing.transparentFileOpen=true, -Dwebswing.jmsUrl=nio://127.0.0.1:34455, -Dwebswing.allowDelete=true, -Dwebswing.clientId=kolmafia_admin_f71b443a4f55_1586631633527, -Dwebswing.mainClass=net.sourceforge.kolmafia.KoLMafia, -Dwebswing.applicationHome=/Users/ggar/Documents/codeprojects/webswing-examples-2.7.5, -Dwebswing.compositingWindowManager=false, -Dwebswing.screenWidth=891, -Djava.awt.printerjob=org.webswing.toolkit.WebPrinterJobWrapper, -Dwebswing.allowLocalClipboard=true, -Dwebswing.messagingApiTopicName=msgApiSharedTopic/kolmafia, -Dwebswing.classPath=/apps/KoLmafia-20.3.jar, -Dwebswing.appId=/kolmafia, -Dwebswing.directdraw=true, -Dwebswing.transfer.dir=/Users/ggar/Documents/codeprojects/webswing-examples-2.7.5/admin/upload, -Dwebswing.theme=Murrine, -Djava.awt.graphicsenv=org.webswing.toolkit.ge.WebGraphicsEnvironment8, -Djava.awt.headless=false, -Dwebswing.jmsQueueId=kolmafia_admin_f71b443a4f55_1586631633527, -Dwebswing.testMode=false, -cp, /Users/ggar/Documents/codeprojects/webswing-examples-2.7.5/webswing-server.war, main.Main]
2020-04-11 15:00:34,141 INFO  [Webswing Process Handler] (SwingProcessImpl.java:324) [kolmafia_admin_f71b443a4f55_1586631633527] INFO: JPDFWriter library not found on classpath, fallback to FreeHEP PDF service.
2020-04-11 15:00:39,340 INFO  [Webswing Process Handler] (SwingProcessImpl.java:324) [kolmafia_admin_f71b443a4f55_1586631633527] ERROR: SwingMain:main ERROR: Required classpath file '/apps/KoLmafia-20.3.jar' does not exist!
2020-04-11 15:00:39,439 INFO  [Webswing Process Handler] (SwingProcessImpl.java:324) [kolmafia_admin_f71b443a4f55_1586631633527] INFO: ClassModificationRegister: lock acquired.
2020-04-11 15:00:39,439 INFO  [Webswing Process Handler] (SwingProcessImpl.java:324) [kolmafia_admin_f71b443a4f55_1586631633527] FATAL: SwingMain:main -> java.lang.ClassNotFoundException: net.sourceforge.kolmafia.KoLMafia
2020-04-11 15:00:39,440 INFO  [Webswing Process Handler] (SwingProcessImpl.java:324) [kolmafia_admin_f71b443a4f55_1586631633527] 	at org.webswing.classloader.SwingClassloader.loadClass(SwingClassloader.java:250)
2020-04-11 15:00:39,440 INFO  [Webswing Process Handler] (SwingProcessImpl.java:324) [kolmafia_admin_f71b443a4f55_1586631633527] 	at java.lang.ClassLoader.loadClass(ClassLoader.java:351)
2020-04-11 15:00:39,440 INFO  [Webswing Process Handler] (SwingProcessImpl.java:324) [kolmafia_admin_f71b443a4f55_1586631633527] 	at org.webswing.SwingMain.startSwingApp(SwingMain.java:57)
2020-04-11 15:00:39,440 INFO  [Webswing Process Handler] (SwingProcessImpl.java:324) [kolmafia_admin_f71b443a4f55_1586631633527] 	at org.webswing.SwingMain.main(SwingMain.java:46)
2020-04-11 15:00:39,441 INFO  [Webswing Process Handler] (SwingProcessImpl.java:324) [kolmafia_admin_f71b443a4f55_1586631633527] 	at sun.reflect.NativeMethodAccessorImpl.invoke0(Native Method)
2020-04-11 15:00:39,441 INFO  [Webswing Process Handler] (SwingProcessImpl.java:324) [kolmafia_admin_f71b443a4f55_1586631633527] 	at sun.reflect.NativeMethodAccessorImpl.invoke(NativeMethodAccessorImpl.java:62)
2020-04-11 15:00:39,441 INFO  [Webswing Process Handler] (SwingProcessImpl.java:324) [kolmafia_admin_f71b443a4f55_1586631633527] 	at sun.reflect.DelegatingMethodAccessorImpl.invoke(DelegatingMethodAccessorImpl.java:43)
2020-04-11 15:00:39,441 INFO  [Webswing Process Handler] (SwingProcessImpl.java:324) [kolmafia_admin_f71b443a4f55_1586631633527] 	at java.lang.reflect.Method.invoke(Method.java:498)
2020-04-11 15:00:39,441 INFO  [Webswing Process Handler] (SwingProcessImpl.java:324) [kolmafia_admin_f71b443a4f55_1586631633527] 	at main.Main.main(Main.java:80)
2020-04-11 15:00:39,442 INFO  [Webswing Process Handler] (SwingProcessImpl.java:324) [kolmafia_admin_f71b443a4f55_1586631633527]  | 
2020-04-11 15:00:39,741 INFO  [Webswing Process Handler] (SwingProcessImpl.java:158) [kolmafia_admin_f71b443a4f55_1586631633527] app process terminated. 
2020-04-11 15:01:48,149 INFO  [qtp250075633-61] (DefaultConfigurationProvider.java:239) App configuration for path '/kolmafia' changed.
2020-04-11 15:04:02,224 INFO  [qtp250075633-11] (SwingProcessImpl.java:80) Starting application process [kolmafia_admin_f71b443a4f55_1586631842215] from [/Users/ggar/Documents/codeprojects/webswing-examples-2.7.5] :[/Library/Java/JavaVirtualMachines/jdk1.8.0_241.jdk/Contents/Home/jre/bin/java, -Xbootclasspath/a:/Users/ggar/Documents/codeprojects/webswing-examples-2.7.5/tmp/release/WEB-INF_swing-boot_webswing-api-2.7.5.jar:/Users/ggar/Documents/codeprojects/webswing-examples-2.7.5/tmp/release/WEB-INF_swing-boot_webswing-app-toolkit-java8-2.7.5.jar:/Users/ggar/Documents/codeprojects/webswing-examples-2.7.5/tmp/release/WEB-INF_swing-boot_webswing-app-toolkit-2.7.5.jar:/Users/ggar/Documents/codeprojects/webswing-examples-2.7.5/tmp/release/WEB-INF_swing-boot_java.desktop.modpatch-1.jar, -noverify, -Dwebswing.allowAutoDownload=true, -Dwebswing.initialUrl=http://localhost:8080/kolmafia/, -Dwebswing.sessionTimeoutIfInactive=false, -Dawt.toolkit=org.webswing.toolkit.WebToolkit8, -Dwebswing.tempDirPath=file:/Users/ggar/Documents/codeprojects/webswing-examples-2.7.5/tmp/release/, -Dwebswing.printerJobDelegate=org.webswing.toolkit.WebPrinterJob, -Dwebswing.allowJsLink=true, -Dwebswing.transparentFileSave=true, -Dwebswing.allowUpload=true, -Dwebswing.directdraw.supported=true, -Dwebswing.sessionTimeoutSec=300, -Dwebswing.screenHeight=696, -Dwebswing.isolatedFs=false, -Dwebswing.allowDownload=true, -Dwebswing.transparentFileOpen=true, -Dwebswing.jmsUrl=nio://127.0.0.1:34455, -Dwebswing.allowDelete=true, -Dwebswing.clientId=kolmafia_admin_f71b443a4f55_1586631842215, -Dwebswing.mainClass=net.sourceforge.kolmafia.KoLMafia, -Dwebswing.applicationHome=/Users/ggar/Documents/codeprojects/webswing-examples-2.7.5, -Dwebswing.compositingWindowManager=false, -Dwebswing.screenWidth=891, -Djava.awt.printerjob=org.webswing.toolkit.WebPrinterJobWrapper, -Dwebswing.allowLocalClipboard=true, -Dwebswing.messagingApiTopicName=msgApiSharedTopic/kolmafia, -Dwebswing.classPath=/Users/ggar/Documents/codeprojects/webswing-examples-2.7.5/apps/KoLmafia-20.3.jar, -Dwebswing.appId=/kolmafia, -Dwebswing.directdraw=true, -Dwebswing.transfer.dir=/Users/ggar/Documents/codeprojects/webswing-examples-2.7.5/admin/upload, -Dwebswing.theme=Murrine, -Djava.awt.graphicsenv=org.webswing.toolkit.ge.WebGraphicsEnvironment8, -Djava.awt.headless=false, -Dwebswing.jmsQueueId=kolmafia_admin_f71b443a4f55_1586631842215, -Dwebswing.testMode=false, -cp, /Users/ggar/Documents/codeprojects/webswing-examples-2.7.5/webswing-server.war, main.Main]
2020-04-11 15:04:02,831 INFO  [Webswing Process Handler] (SwingProcessImpl.java:324) [kolmafia_admin_f71b443a4f55_1586631842215] INFO: JPDFWriter library not found on classpath, fallback to FreeHEP PDF service.
2020-04-11 15:04:08,131 INFO  [Webswing Process Handler] (SwingProcessImpl.java:324) [kolmafia_admin_f71b443a4f55_1586631842215] INFO: ClassModificationRegister: lock acquired.
2020-04-11 15:04:08,132 INFO  [Webswing Process Handler] (SwingProcessImpl.java:324) [kolmafia_admin_f71b443a4f55_1586631842215] FATAL: SwingMain:main -> java.lang.ClassNotFoundException: net.sourceforge.kolmafia.KoLMafia
2020-04-11 15:04:08,132 INFO  [Webswing Process Handler] (SwingProcessImpl.java:324) [kolmafia_admin_f71b443a4f55_1586631842215] 	at org.webswing.classloader.SwingClassloader.loadClass(SwingClassloader.java:250)
2020-04-11 15:04:08,132 INFO  [Webswing Process Handler] (SwingProcessImpl.java:324) [kolmafia_admin_f71b443a4f55_1586631842215] 	at java.lang.ClassLoader.loadClass(ClassLoader.java:351)
2020-04-11 15:04:08,132 INFO  [Webswing Process Handler] (SwingProcessImpl.java:324) [kolmafia_admin_f71b443a4f55_1586631842215] 	at org.webswing.SwingMain.startSwingApp(SwingMain.java:57)
2020-04-11 15:04:08,132 INFO  [Webswing Process Handler] (SwingProcessImpl.java:324) [kolmafia_admin_f71b443a4f55_1586631842215] 	at org.webswing.SwingMain.main(SwingMain.java:46)
2020-04-11 15:04:08,132 INFO  [Webswing Process Handler] (SwingProcessImpl.java:324) [kolmafia_admin_f71b443a4f55_1586631842215] 	at sun.reflect.NativeMethodAccessorImpl.invoke0(Native Method)
2020-04-11 15:04:08,132 INFO  [Webswing Process Handler] (SwingProcessImpl.java:324) [kolmafia_admin_f71b443a4f55_1586631842215] 	at sun.reflect.NativeMethodAccessorImpl.invoke(NativeMethodAccessorImpl.java:62)
2020-04-11 15:04:08,132 INFO  [Webswing Process Handler] (SwingProcessImpl.java:324) [kolmafia_admin_f71b443a4f55_1586631842215] 	at sun.reflect.DelegatingMethodAccessorImpl.invoke(DelegatingMethodAccessorImpl.java:43)
2020-04-11 15:04:08,132 INFO  [Webswing Process Handler] (SwingProcessImpl.java:324) [kolmafia_admin_f71b443a4f55_1586631842215] 	at java.lang.reflect.Method.invoke(Method.java:498)
2020-04-11 15:04:08,133 INFO  [Webswing Process Handler] (SwingProcessImpl.java:324) [kolmafia_admin_f71b443a4f55_1586631842215] 	at main.Main.main(Main.java:80)
2020-04-11 15:04:08,133 INFO  [Webswing Process Handler] (SwingProcessImpl.java:324) [kolmafia_admin_f71b443a4f55_1586631842215]  | 
2020-04-11 15:04:08,133 INFO  [Webswing Process Handler] (SwingProcessImpl.java:158) [kolmafia_admin_f71b443a4f55_1586631842215] app process terminated. 
2020-04-11 15:04:25,903 INFO  [qtp250075633-61] (SwingProcessImpl.java:80) Starting application process [kolmafia_admin_f71b443a4f55_1586631865896] from [/Users/ggar/Documents/codeprojects/webswing-examples-2.7.5] :[/Library/Java/JavaVirtualMachines/jdk1.8.0_241.jdk/Contents/Home/jre/bin/java, -Xbootclasspath/a:/Users/ggar/Documents/codeprojects/webswing-examples-2.7.5/tmp/release/WEB-INF_swing-boot_webswing-api-2.7.5.jar:/Users/ggar/Documents/codeprojects/webswing-examples-2.7.5/tmp/release/WEB-INF_swing-boot_webswing-app-toolkit-java8-2.7.5.jar:/Users/ggar/Documents/codeprojects/webswing-examples-2.7.5/tmp/release/WEB-INF_swing-boot_webswing-app-toolkit-2.7.5.jar:/Users/ggar/Documents/codeprojects/webswing-examples-2.7.5/tmp/release/WEB-INF_swing-boot_java.desktop.modpatch-1.jar, -noverify, -Dwebswing.allowAutoDownload=true, -Dwebswing.initialUrl=http://localhost:8080/kolmafia/, -Dwebswing.sessionTimeoutIfInactive=false, -Dawt.toolkit=org.webswing.toolkit.WebToolkit8, -Dwebswing.tempDirPath=file:/Users/ggar/Documents/codeprojects/webswing-examples-2.7.5/tmp/release/, -Dwebswing.printerJobDelegate=org.webswing.toolkit.WebPrinterJob, -Dwebswing.allowJsLink=true, -Dwebswing.transparentFileSave=true, -Dwebswing.allowUpload=true, -Dwebswing.directdraw.supported=true, -Dwebswing.sessionTimeoutSec=300, -Dwebswing.screenHeight=696, -Dwebswing.isolatedFs=false, -Dwebswing.allowDownload=true, -Dwebswing.transparentFileOpen=true, -Dwebswing.jmsUrl=nio://127.0.0.1:34455, -Dwebswing.allowDelete=true, -Dwebswing.clientId=kolmafia_admin_f71b443a4f55_1586631865896, -Dwebswing.mainClass=net.sourceforge.kolmafia.KoLMafia, -Dwebswing.applicationHome=/Users/ggar/Documents/codeprojects/webswing-examples-2.7.5, -Dwebswing.compositingWindowManager=false, -Dwebswing.screenWidth=891, -Djava.awt.printerjob=org.webswing.toolkit.WebPrinterJobWrapper, -Dwebswing.allowLocalClipboard=true, -Dwebswing.messagingApiTopicName=msgApiSharedTopic/kolmafia, -Dwebswing.classPath=/Users/ggar/Documents/codeprojects/webswing-examples-2.7.5/apps/KoLmafia-20.3.jar, -Dwebswing.appId=/kolmafia, -Dwebswing.directdraw=true, -Dwebswing.transfer.dir=/Users/ggar/Documents/codeprojects/webswing-examples-2.7.5/admin/upload, -Dwebswing.theme=Murrine, -Djava.awt.graphicsenv=org.webswing.toolkit.ge.WebGraphicsEnvironment8, -Djava.awt.headless=false, -Dwebswing.jmsQueueId=kolmafia_admin_f71b443a4f55_1586631865896, -Dwebswing.testMode=false, -cp, /Users/ggar/Documents/codeprojects/webswing-examples-2.7.5/webswing-server.war, main.Main]
2020-04-11 15:04:26,512 INFO  [Webswing Process Handler] (SwingProcessImpl.java:324) [kolmafia_admin_f71b443a4f55_1586631865896] INFO: JPDFWriter library not found on classpath, fallback to FreeHEP PDF service.
2020-04-11 15:04:31,811 INFO  [Webswing Process Handler] (SwingProcessImpl.java:324) [kolmafia_admin_f71b443a4f55_1586631865896] INFO: ClassModificationRegister: lock acquired.
2020-04-11 15:04:31,811 INFO  [Webswing Process Handler] (SwingProcessImpl.java:324) [kolmafia_admin_f71b443a4f55_1586631865896] FATAL: SwingMain:main -> java.lang.ClassNotFoundException: net.sourceforge.kolmafia.KoLMafia
2020-04-11 15:04:31,812 INFO  [Webswing Process Handler] (SwingProcessImpl.java:324) [kolmafia_admin_f71b443a4f55_1586631865896] 	at org.webswing.classloader.SwingClassloader.loadClass(SwingClassloader.java:250)
2020-04-11 15:04:31,812 INFO  [Webswing Process Handler] (SwingProcessImpl.java:324) [kolmafia_admin_f71b443a4f55_1586631865896] 	at java.lang.ClassLoader.loadClass(ClassLoader.java:351)
2020-04-11 15:04:31,812 INFO  [Webswing Process Handler] (SwingProcessImpl.java:324) [kolmafia_admin_f71b443a4f55_1586631865896] 	at org.webswing.SwingMain.startSwingApp(SwingMain.java:57)
2020-04-11 15:04:31,812 INFO  [Webswing Process Handler] (SwingProcessImpl.java:324) [kolmafia_admin_f71b443a4f55_1586631865896] 	at org.webswing.SwingMain.main(SwingMain.java:46)
2020-04-11 15:04:31,812 INFO  [Webswing Process Handler] (SwingProcessImpl.java:324) [kolmafia_admin_f71b443a4f55_1586631865896] 	at sun.reflect.NativeMethodAccessorImpl.invoke0(Native Method)
2020-04-11 15:04:31,812 INFO  [Webswing Process Handler] (SwingProcessImpl.java:324) [kolmafia_admin_f71b443a4f55_1586631865896] 	at sun.reflect.NativeMethodAccessorImpl.invoke(NativeMethodAccessorImpl.java:62)
2020-04-11 15:04:31,812 INFO  [Webswing Process Handler] (SwingProcessImpl.java:324) [kolmafia_admin_f71b443a4f55_1586631865896] 	at sun.reflect.DelegatingMethodAccessorImpl.invoke(DelegatingMethodAccessorImpl.java:43)
2020-04-11 15:04:31,812 INFO  [Webswing Process Handler] (SwingProcessImpl.java:324) [kolmafia_admin_f71b443a4f55_1586631865896] 	at java.lang.reflect.Method.invoke(Method.java:498)
2020-04-11 15:04:31,812 INFO  [Webswing Process Handler] (SwingProcessImpl.java:324) [kolmafia_admin_f71b443a4f55_1586631865896] 	at main.Main.main(Main.java:80)
2020-04-11 15:04:31,812 INFO  [Webswing Process Handler] (SwingProcessImpl.java:324) [kolmafia_admin_f71b443a4f55_1586631865896]  | 
2020-04-11 15:04:32,212 INFO  [Webswing Process Handler] (SwingProcessImpl.java:158) [kolmafia_admin_f71b443a4f55_1586631865896] app process terminated. 
2020-04-11 15:04:46,737 INFO  [qtp250075633-67] (DefaultConfigurationProvider.java:239) App configuration for path '/kolmafia' changed.
2020-04-11 15:04:48,284 INFO  [qtp250075633-68] (SwingProcessImpl.java:80) Starting application process [kolmafia_admin_f71b443a4f55_1586631888275] from [/Users/ggar/Documents/codeprojects/webswing-examples-2.7.5] :[/Library/Java/JavaVirtualMachines/jdk1.8.0_241.jdk/Contents/Home/jre/bin/java, -Xbootclasspath/a:/Users/ggar/Documents/codeprojects/webswing-examples-2.7.5/tmp/release/WEB-INF_swing-boot_webswing-api-2.7.5.jar:/Users/ggar/Documents/codeprojects/webswing-examples-2.7.5/tmp/release/WEB-INF_swing-boot_webswing-app-toolkit-java8-2.7.5.jar:/Users/ggar/Documents/codeprojects/webswing-examples-2.7.5/tmp/release/WEB-INF_swing-boot_webswing-app-toolkit-2.7.5.jar:/Users/ggar/Documents/codeprojects/webswing-examples-2.7.5/tmp/release/WEB-INF_swing-boot_java.desktop.modpatch-1.jar, -noverify, -Dwebswing.allowAutoDownload=true, -Dwebswing.initialUrl=http://localhost:8080/kolmafia/, -Dwebswing.sessionTimeoutIfInactive=false, -Dawt.toolkit=org.webswing.toolkit.WebToolkit8, -Dwebswing.tempDirPath=file:/Users/ggar/Documents/codeprojects/webswing-examples-2.7.5/tmp/release/, -Dwebswing.printerJobDelegate=org.webswing.toolkit.WebPrinterJob, -Dwebswing.allowJsLink=true, -Dwebswing.transparentFileSave=true, -Dwebswing.allowUpload=true, -Dwebswing.directdraw.supported=true, -Dwebswing.sessionTimeoutSec=300, -Dwebswing.screenHeight=696, -Dwebswing.isolatedFs=false, -Dwebswing.allowDownload=true, -Dwebswing.transparentFileOpen=true, -Dwebswing.jmsUrl=nio://127.0.0.1:34455, -Dwebswing.allowDelete=true, -Dwebswing.clientId=kolmafia_admin_f71b443a4f55_1586631888275, -Dwebswing.mainClass=net.sourceforge.kolmafia.KoLmafia, -Dwebswing.applicationHome=/Users/ggar/Documents/codeprojects/webswing-examples-2.7.5, -Dwebswing.compositingWindowManager=false, -Dwebswing.screenWidth=891, -Djava.awt.printerjob=org.webswing.toolkit.WebPrinterJobWrapper, -Dwebswing.allowLocalClipboard=true, -Dwebswing.messagingApiTopicName=msgApiSharedTopic/kolmafia, -Dwebswing.classPath=/Users/ggar/Documents/codeprojects/webswing-examples-2.7.5/apps/KoLmafia-20.3.jar, -Dwebswing.appId=/kolmafia, -Dwebswing.directdraw=true, -Dwebswing.transfer.dir=/Users/ggar/Documents/codeprojects/webswing-examples-2.7.5/admin/upload, -Dwebswing.theme=Murrine, -Djava.awt.graphicsenv=org.webswing.toolkit.ge.WebGraphicsEnvironment8, -Djava.awt.headless=false, -Dwebswing.jmsQueueId=kolmafia_admin_f71b443a4f55_1586631888275, -Dwebswing.testMode=false, -cp, /Users/ggar/Documents/codeprojects/webswing-examples-2.7.5/webswing-server.war, main.Main]
2020-04-11 15:04:48,891 INFO  [Webswing Process Handler] (SwingProcessImpl.java:324) [kolmafia_admin_f71b443a4f55_1586631888275] INFO: JPDFWriter library not found on classpath, fallback to FreeHEP PDF service.
2020-04-11 15:04:54,190 INFO  [Webswing Process Handler] (SwingProcessImpl.java:324) [kolmafia_admin_f71b443a4f55_1586631888275] INFO: ClassModificationRegister: lock acquired.
2020-04-11 15:04:54,291 INFO  [Webswing Process Handler] (SwingProcessImpl.java:324) [kolmafia_admin_f71b443a4f55_1586631888275] 
2020-04-11 15:04:54,291 INFO  [Webswing Process Handler] (SwingProcessImpl.java:324) [kolmafia_admin_f71b443a4f55_1586631888275] KoLmafia v20.3
2020-04-11 15:04:54,291 INFO  [Webswing Process Handler] (SwingProcessImpl.java:324) [kolmafia_admin_f71b443a4f55_1586631888275] Released on March 28, 2020
2020-04-11 15:04:54,291 INFO  [Webswing Process Handler] (SwingProcessImpl.java:324) [kolmafia_admin_f71b443a4f55_1586631888275] 
2020-04-11 15:04:54,291 INFO  [Webswing Process Handler] (SwingProcessImpl.java:324) [kolmafia_admin_f71b443a4f55_1586631888275] Currently Running on Mac OS X
2020-04-11 15:04:54,291 INFO  [Webswing Process Handler] (SwingProcessImpl.java:324) [kolmafia_admin_f71b443a4f55_1586631888275] Local Directory is /Users/ggar/Library/Application Support/KoLmafia
2020-04-11 15:04:54,292 INFO  [Webswing Process Handler] (SwingProcessImpl.java:324) [kolmafia_admin_f71b443a4f55_1586631888275] Using Java 1.8.0_241
2020-04-11 15:04:54,292 INFO  [Webswing Process Handler] (SwingProcessImpl.java:324) [kolmafia_admin_f71b443a4f55_1586631888275] 
2020-04-11 15:04:57,589 ERROR [Webswing Process Handler] (SwingProcessImpl.java:322) [kolmafia_admin_f71b443a4f55_1586631888275] 8777 [AWT-EventQueue-0] WARN org.webswing.services.impl.ddutil.FastDirectDrawServicesAdapter - Logical font Dialog not defined in font configuration. Using default browser counterpart.
